{"C:\\drawingApp\\backend\\src\\domain\\entities\\index.ts": {"path":"C:\\drawingApp\\backend\\src\\domain\\entities\\index.ts","all":false,"statementMap":{"0":{"start":{"line":1,"column":0},"end":{"line":1,"column":76}},"1":{"start":{"line":2,"column":0},"end":{"line":2,"column":85}},"2":{"start":{"line":3,"column":0},"end":{"line":3,"column":36}},"3":{"start":{"line":4,"column":0},"end":{"line":4,"column":74}},"4":{"start":{"line":5,"column":0},"end":{"line":5,"column":43}},"5":{"start":{"line":6,"column":0},"end":{"line":6,"column":46}},"6":{"start":{"line":7,"column":0},"end":{"line":7,"column":0}},"7":{"start":{"line":8,"column":0},"end":{"line":8,"column":102}},"8":{"start":{"line":9,"column":0},"end":{"line":9,"column":69}},"9":{"start":{"line":10,"column":0},"end":{"line":10,"column":0}},"10":{"start":{"line":11,"column":0},"end":{"line":11,"column":8}},"11":{"start":{"line":12,"column":0},"end":{"line":12,"column":7}},"12":{"start":{"line":13,"column":0},"end":{"line":13,"column":7}},"13":{"start":{"line":14,"column":0},"end":{"line":14,"column":1}}},"s":{"0":1,"1":1,"2":1,"3":1,"4":1,"5":1,"6":1,"7":1,"8":1,"9":1,"10":1,"11":1,"12":1,"13":1},"branchMap":{"0":{"type":"branch","line":12,"loc":{"start":{"line":12,"column":6},"end":{"line":12,"column":5}},"locations":[{"start":{"line":12,"column":6},"end":{"line":12,"column":5}}]}},"b":{"0":[10]},"fnMap":{"0":{"name":"user","decl":{"start":{"line":12,"column":6},"end":{"line":12,"column":5}},"loc":{"start":{"line":12,"column":6},"end":{"line":12,"column":5}},"line":12}},"f":{"0":10}}
,"C:\\drawingApp\\backend\\src\\domain\\entities\\matchEntity\\MatchEntity.ts": {"path":"C:\\drawingApp\\backend\\src\\domain\\entities\\matchEntity\\MatchEntity.ts","all":false,"statementMap":{"0":{"start":{"line":1,"column":0},"end":{"line":1,"column":59}},"1":{"start":{"line":2,"column":0},"end":{"line":2,"column":75}},"2":{"start":{"line":3,"column":0},"end":{"line":3,"column":0}},"3":{"start":{"line":4,"column":0},"end":{"line":4,"column":31}},"4":{"start":{"line":5,"column":0},"end":{"line":5,"column":33}},"5":{"start":{"line":6,"column":0},"end":{"line":6,"column":1}},"6":{"start":{"line":7,"column":0},"end":{"line":7,"column":52}},"7":{"start":{"line":8,"column":0},"end":{"line":8,"column":53}},"8":{"start":{"line":9,"column":0},"end":{"line":9,"column":53}},"9":{"start":{"line":10,"column":0},"end":{"line":10,"column":20}},"10":{"start":{"line":11,"column":0},"end":{"line":11,"column":0}},"11":{"start":{"line":12,"column":0},"end":{"line":12,"column":14}},"12":{"start":{"line":13,"column":0},"end":{"line":13,"column":14}},"13":{"start":{"line":14,"column":0},"end":{"line":14,"column":47}},"14":{"start":{"line":15,"column":0},"end":{"line":15,"column":47}},"15":{"start":{"line":16,"column":0},"end":{"line":16,"column":5}},"16":{"start":{"line":17,"column":0},"end":{"line":17,"column":21}},"17":{"start":{"line":18,"column":0},"end":{"line":18,"column":47}},"18":{"start":{"line":19,"column":0},"end":{"line":19,"column":47}},"19":{"start":{"line":20,"column":0},"end":{"line":20,"column":3}},"20":{"start":{"line":21,"column":0},"end":{"line":21,"column":0}},"21":{"start":{"line":22,"column":0},"end":{"line":22,"column":32}},"22":{"start":{"line":23,"column":0},"end":{"line":23,"column":26}},"23":{"start":{"line":24,"column":0},"end":{"line":24,"column":46}},"24":{"start":{"line":25,"column":0},"end":{"line":25,"column":53}},"25":{"start":{"line":26,"column":0},"end":{"line":26,"column":9}},"26":{"start":{"line":27,"column":0},"end":{"line":27,"column":5}},"27":{"start":{"line":28,"column":0},"end":{"line":28,"column":0}},"28":{"start":{"line":29,"column":0},"end":{"line":29,"column":27}},"29":{"start":{"line":30,"column":0},"end":{"line":30,"column":46}},"30":{"start":{"line":31,"column":0},"end":{"line":31,"column":49}},"31":{"start":{"line":32,"column":0},"end":{"line":32,"column":9}},"32":{"start":{"line":33,"column":0},"end":{"line":33,"column":5}},"33":{"start":{"line":34,"column":0},"end":{"line":34,"column":0}},"34":{"start":{"line":35,"column":0},"end":{"line":35,"column":28}},"35":{"start":{"line":36,"column":0},"end":{"line":36,"column":46}},"36":{"start":{"line":37,"column":0},"end":{"line":37,"column":56}},"37":{"start":{"line":38,"column":0},"end":{"line":38,"column":9}},"38":{"start":{"line":39,"column":0},"end":{"line":39,"column":5}},"39":{"start":{"line":40,"column":0},"end":{"line":40,"column":0}},"40":{"start":{"line":41,"column":0},"end":{"line":41,"column":56}},"41":{"start":{"line":42,"column":0},"end":{"line":42,"column":46}},"42":{"start":{"line":43,"column":0},"end":{"line":43,"column":77}},"43":{"start":{"line":44,"column":0},"end":{"line":44,"column":9}},"44":{"start":{"line":45,"column":0},"end":{"line":45,"column":5}},"45":{"start":{"line":46,"column":0},"end":{"line":46,"column":0}},"46":{"start":{"line":47,"column":0},"end":{"line":47,"column":22}},"47":{"start":{"line":48,"column":0},"end":{"line":48,"column":46}},"48":{"start":{"line":49,"column":0},"end":{"line":49,"column":49}},"49":{"start":{"line":50,"column":0},"end":{"line":50,"column":9}},"50":{"start":{"line":51,"column":0},"end":{"line":51,"column":5}},"51":{"start":{"line":52,"column":0},"end":{"line":52,"column":0}},"52":{"start":{"line":53,"column":0},"end":{"line":53,"column":58}},"53":{"start":{"line":54,"column":0},"end":{"line":54,"column":46}},"54":{"start":{"line":55,"column":0},"end":{"line":55,"column":72}},"55":{"start":{"line":56,"column":0},"end":{"line":56,"column":9}},"56":{"start":{"line":57,"column":0},"end":{"line":57,"column":5}},"57":{"start":{"line":58,"column":0},"end":{"line":58,"column":0}},"58":{"start":{"line":59,"column":0},"end":{"line":59,"column":25}},"59":{"start":{"line":60,"column":0},"end":{"line":60,"column":39}},"60":{"start":{"line":61,"column":0},"end":{"line":61,"column":48}},"61":{"start":{"line":62,"column":0},"end":{"line":62,"column":74}},"62":{"start":{"line":63,"column":0},"end":{"line":63,"column":11}},"63":{"start":{"line":64,"column":0},"end":{"line":64,"column":7}},"64":{"start":{"line":65,"column":0},"end":{"line":65,"column":5}},"65":{"start":{"line":66,"column":0},"end":{"line":66,"column":0}},"66":{"start":{"line":67,"column":0},"end":{"line":67,"column":12}},"67":{"start":{"line":68,"column":0},"end":{"line":68,"column":55}},"68":{"start":{"line":69,"column":0},"end":{"line":69,"column":32}},"69":{"start":{"line":70,"column":0},"end":{"line":70,"column":40}},"70":{"start":{"line":71,"column":0},"end":{"line":71,"column":40}},"71":{"start":{"line":72,"column":0},"end":{"line":72,"column":44}},"72":{"start":{"line":73,"column":0},"end":{"line":73,"column":42}},"73":{"start":{"line":74,"column":0},"end":{"line":74,"column":6}},"74":{"start":{"line":75,"column":0},"end":{"line":75,"column":3}},"75":{"start":{"line":76,"column":0},"end":{"line":76,"column":1}}},"s":{"0":1,"1":1,"2":1,"3":1,"4":1,"5":1,"6":1,"7":1,"8":1,"9":1,"10":1,"11":1,"12":13,"13":13,"14":13,"15":13,"16":13,"17":13,"18":13,"19":13,"20":1,"21":1,"22":10,"23":1,"24":1,"25":1,"26":1,"27":9,"28":10,"29":1,"30":1,"31":1,"32":1,"33":8,"34":10,"35":1,"36":1,"37":1,"38":1,"39":7,"40":10,"41":2,"42":2,"43":2,"44":2,"45":5,"46":10,"47":1,"48":1,"49":1,"50":1,"51":4,"52":10,"53":2,"54":2,"55":2,"56":2,"57":2,"58":2,"59":2,"60":1,"61":1,"62":1,"63":1,"64":2,"65":1,"66":1,"67":1,"68":1,"69":1,"70":1,"71":1,"72":1,"73":1,"74":1,"75":1},"branchMap":{"0":{"type":"branch","line":7,"loc":{"start":{"line":7,"column":21},"end":{"line":7,"column":26}},"locations":[{"start":{"line":7,"column":21},"end":{"line":7,"column":26}}]},"1":{"type":"branch","line":22,"loc":{"start":{"line":22,"column":2},"end":{"line":75,"column":3}},"locations":[{"start":{"line":22,"column":2},"end":{"line":75,"column":3}}]},"2":{"type":"branch","line":23,"loc":{"start":{"line":23,"column":25},"end":{"line":27,"column":5}},"locations":[{"start":{"line":23,"column":25},"end":{"line":27,"column":5}}]},"3":{"type":"branch","line":28,"loc":{"start":{"line":28,"column":-2},"end":{"line":29,"column":26}},"locations":[{"start":{"line":28,"column":-2},"end":{"line":29,"column":26}}]},"4":{"type":"branch","line":29,"loc":{"start":{"line":29,"column":26},"end":{"line":33,"column":5}},"locations":[{"start":{"line":29,"column":26},"end":{"line":33,"column":5}}]},"5":{"type":"branch","line":34,"loc":{"start":{"line":34,"column":-2},"end":{"line":35,"column":27}},"locations":[{"start":{"line":34,"column":-2},"end":{"line":35,"column":27}}]},"6":{"type":"branch","line":35,"loc":{"start":{"line":35,"column":27},"end":{"line":39,"column":5}},"locations":[{"start":{"line":35,"column":27},"end":{"line":39,"column":5}}]},"7":{"type":"branch","line":40,"loc":{"start":{"line":40,"column":-2},"end":{"line":41,"column":32}},"locations":[{"start":{"line":40,"column":-2},"end":{"line":41,"column":32}}]},"8":{"type":"branch","line":41,"loc":{"start":{"line":41,"column":28},"end":{"line":41,"column":53}},"locations":[{"start":{"line":41,"column":28},"end":{"line":41,"column":53}}]},"9":{"type":"branch","line":41,"loc":{"start":{"line":41,"column":55},"end":{"line":45,"column":5}},"locations":[{"start":{"line":41,"column":55},"end":{"line":45,"column":5}}]},"10":{"type":"branch","line":46,"loc":{"start":{"line":46,"column":-2},"end":{"line":47,"column":21}},"locations":[{"start":{"line":46,"column":-2},"end":{"line":47,"column":21}}]},"11":{"type":"branch","line":47,"loc":{"start":{"line":47,"column":21},"end":{"line":51,"column":5}},"locations":[{"start":{"line":47,"column":21},"end":{"line":51,"column":5}}]},"12":{"type":"branch","line":52,"loc":{"start":{"line":52,"column":-2},"end":{"line":53,"column":33}},"locations":[{"start":{"line":52,"column":-2},"end":{"line":53,"column":33}}]},"13":{"type":"branch","line":53,"loc":{"start":{"line":53,"column":29},"end":{"line":53,"column":55}},"locations":[{"start":{"line":53,"column":29},"end":{"line":53,"column":55}}]},"14":{"type":"branch","line":53,"loc":{"start":{"line":53,"column":57},"end":{"line":65,"column":5}},"locations":[{"start":{"line":53,"column":57},"end":{"line":65,"column":5}}]},"15":{"type":"branch","line":60,"loc":{"start":{"line":60,"column":38},"end":{"line":64,"column":7}},"locations":[{"start":{"line":60,"column":38},"end":{"line":64,"column":7}}]},"16":{"type":"branch","line":66,"loc":{"start":{"line":66,"column":-2},"end":{"line":75,"column":3}},"locations":[{"start":{"line":66,"column":-2},"end":{"line":75,"column":3}}]},"17":{"type":"branch","line":73,"loc":{"start":{"line":73,"column":20},"end":{"line":73,"column":41}},"locations":[{"start":{"line":73,"column":20},"end":{"line":73,"column":41}}]},"18":{"type":"branch","line":12,"loc":{"start":{"line":12,"column":2},"end":{"line":20,"column":3}},"locations":[{"start":{"line":12,"column":2},"end":{"line":20,"column":3}}]}},"b":{"0":[13],"1":[10],"2":[1],"3":[9],"4":[1],"5":[8],"6":[1],"7":[7],"8":[6],"9":[2],"10":[5],"11":[1],"12":[4],"13":[3],"14":[2],"15":[1],"16":[1],"17":[1],"18":[13]},"fnMap":{"0":{"name":"get","decl":{"start":{"line":7,"column":21},"end":{"line":7,"column":26}},"loc":{"start":{"line":7,"column":21},"end":{"line":7,"column":26}},"line":7},"1":{"name":"create","decl":{"start":{"line":22,"column":2},"end":{"line":75,"column":3}},"loc":{"start":{"line":22,"column":2},"end":{"line":75,"column":3}},"line":22},"2":{"name":"getId","decl":{"start":{"line":68,"column":13},"end":{"line":68,"column":53}},"loc":{"start":{"line":68,"column":13},"end":{"line":68,"column":53}},"line":68},"3":{"name":"getName","decl":{"start":{"line":69,"column":15},"end":{"line":69,"column":31}},"loc":{"start":{"line":69,"column":15},"end":{"line":69,"column":31}},"line":69},"4":{"name":"getPassword","decl":{"start":{"line":70,"column":19},"end":{"line":70,"column":39}},"loc":{"start":{"line":70,"column":19},"end":{"line":70,"column":39}},"line":70},"5":{"name":"getCategory","decl":{"start":{"line":71,"column":19},"end":{"line":71,"column":39}},"loc":{"start":{"line":71,"column":19},"end":{"line":71,"column":39}},"line":71},"6":{"name":"getMaxPlayers","decl":{"start":{"line":72,"column":21},"end":{"line":72,"column":43}},"loc":{"start":{"line":72,"column":21},"end":{"line":72,"column":43}},"line":72},"7":{"name":"getCreatorId","decl":{"start":{"line":73,"column":20},"end":{"line":73,"column":41}},"loc":{"start":{"line":73,"column":20},"end":{"line":73,"column":41}},"line":73},"8":{"name":"Match","decl":{"start":{"line":12,"column":2},"end":{"line":20,"column":3}},"loc":{"start":{"line":12,"column":2},"end":{"line":20,"column":3}},"line":12}},"f":{"0":13,"1":10,"2":0,"3":0,"4":0,"5":0,"6":0,"7":1,"8":13}}
,"C:\\drawingApp\\backend\\src\\domain\\entities\\userEntity\\UserEntity.ts": {"path":"C:\\drawingApp\\backend\\src\\domain\\entities\\userEntity\\UserEntity.ts","all":false,"statementMap":{"0":{"start":{"line":1,"column":0},"end":{"line":1,"column":53}},"1":{"start":{"line":2,"column":0},"end":{"line":2,"column":75}},"2":{"start":{"line":3,"column":0},"end":{"line":3,"column":27}},"3":{"start":{"line":4,"column":0},"end":{"line":4,"column":35}},"4":{"start":{"line":5,"column":0},"end":{"line":5,"column":38}},"5":{"start":{"line":6,"column":0},"end":{"line":6,"column":25}},"6":{"start":{"line":7,"column":0},"end":{"line":7,"column":53}},"7":{"start":{"line":8,"column":0},"end":{"line":8,"column":53}},"8":{"start":{"line":9,"column":0},"end":{"line":9,"column":0}},"9":{"start":{"line":10,"column":0},"end":{"line":10,"column":14}},"10":{"start":{"line":11,"column":0},"end":{"line":11,"column":29}},"11":{"start":{"line":12,"column":0},"end":{"line":12,"column":32}},"12":{"start":{"line":13,"column":0},"end":{"line":13,"column":19}},"13":{"start":{"line":14,"column":0},"end":{"line":14,"column":47}},"14":{"start":{"line":15,"column":0},"end":{"line":15,"column":47}},"15":{"start":{"line":16,"column":0},"end":{"line":16,"column":5}},"16":{"start":{"line":17,"column":0},"end":{"line":17,"column":41}},"17":{"start":{"line":18,"column":0},"end":{"line":18,"column":47}},"18":{"start":{"line":19,"column":0},"end":{"line":19,"column":21}},"19":{"start":{"line":20,"column":0},"end":{"line":20,"column":47}},"20":{"start":{"line":21,"column":0},"end":{"line":21,"column":47}},"21":{"start":{"line":22,"column":0},"end":{"line":22,"column":3}},"22":{"start":{"line":23,"column":0},"end":{"line":23,"column":0}},"23":{"start":{"line":24,"column":0},"end":{"line":24,"column":40}},"24":{"start":{"line":25,"column":0},"end":{"line":25,"column":22}},"25":{"start":{"line":26,"column":0},"end":{"line":26,"column":46}},"26":{"start":{"line":27,"column":0},"end":{"line":27,"column":70}},"27":{"start":{"line":28,"column":0},"end":{"line":28,"column":8}},"28":{"start":{"line":29,"column":0},"end":{"line":29,"column":5}},"29":{"start":{"line":30,"column":0},"end":{"line":30,"column":0}},"30":{"start":{"line":31,"column":0},"end":{"line":31,"column":58}},"31":{"start":{"line":32,"column":0},"end":{"line":32,"column":46}},"32":{"start":{"line":33,"column":0},"end":{"line":33,"column":70}},"33":{"start":{"line":34,"column":0},"end":{"line":34,"column":8}},"34":{"start":{"line":35,"column":0},"end":{"line":35,"column":5}},"35":{"start":{"line":36,"column":0},"end":{"line":36,"column":0}},"36":{"start":{"line":37,"column":0},"end":{"line":37,"column":23}},"37":{"start":{"line":38,"column":0},"end":{"line":38,"column":46}},"38":{"start":{"line":39,"column":0},"end":{"line":39,"column":43}},"39":{"start":{"line":40,"column":0},"end":{"line":40,"column":9}},"40":{"start":{"line":41,"column":0},"end":{"line":41,"column":5}},"41":{"start":{"line":42,"column":0},"end":{"line":42,"column":56}},"42":{"start":{"line":43,"column":0},"end":{"line":43,"column":30}},"43":{"start":{"line":44,"column":0},"end":{"line":44,"column":46}},"44":{"start":{"line":45,"column":0},"end":{"line":45,"column":36}},"45":{"start":{"line":46,"column":0},"end":{"line":46,"column":9}},"46":{"start":{"line":47,"column":0},"end":{"line":47,"column":5}},"47":{"start":{"line":48,"column":0},"end":{"line":48,"column":0}},"48":{"start":{"line":49,"column":0},"end":{"line":49,"column":26}},"49":{"start":{"line":50,"column":0},"end":{"line":50,"column":46}},"50":{"start":{"line":51,"column":0},"end":{"line":51,"column":45}},"51":{"start":{"line":52,"column":0},"end":{"line":52,"column":9}},"52":{"start":{"line":53,"column":0},"end":{"line":53,"column":5}},"53":{"start":{"line":54,"column":0},"end":{"line":54,"column":65}},"54":{"start":{"line":55,"column":0},"end":{"line":55,"column":33}},"55":{"start":{"line":56,"column":0},"end":{"line":56,"column":46}},"56":{"start":{"line":57,"column":0},"end":{"line":57,"column":39}},"57":{"start":{"line":58,"column":0},"end":{"line":58,"column":9}},"58":{"start":{"line":59,"column":0},"end":{"line":59,"column":5}},"59":{"start":{"line":60,"column":0},"end":{"line":60,"column":0}},"60":{"start":{"line":61,"column":0},"end":{"line":61,"column":12}},"61":{"start":{"line":62,"column":0},"end":{"line":62,"column":55}},"62":{"start":{"line":63,"column":0},"end":{"line":63,"column":32}},"63":{"start":{"line":64,"column":0},"end":{"line":64,"column":34}},"64":{"start":{"line":65,"column":0},"end":{"line":65,"column":40}},"65":{"start":{"line":66,"column":0},"end":{"line":66,"column":6}},"66":{"start":{"line":67,"column":0},"end":{"line":67,"column":3}},"67":{"start":{"line":68,"column":0},"end":{"line":68,"column":1}}},"s":{"0":1,"1":1,"2":1,"3":1,"4":1,"5":1,"6":1,"7":1,"8":1,"9":1,"10":3,"11":3,"12":3,"13":3,"14":3,"15":3,"16":3,"17":3,"18":3,"19":3,"20":3,"21":3,"22":1,"23":1,"24":10,"25":1,"26":1,"27":1,"28":1,"29":9,"30":10,"31":1,"32":1,"33":1,"34":1,"35":8,"36":10,"37":1,"38":1,"39":1,"40":1,"41":7,"42":10,"43":1,"44":1,"45":1,"46":1,"47":6,"48":10,"49":1,"50":1,"51":1,"52":1,"53":5,"54":10,"55":1,"56":1,"57":1,"58":1,"59":4,"60":4,"61":4,"62":4,"63":4,"64":4,"65":4,"66":4,"67":1},"branchMap":{"0":{"type":"branch","line":3,"loc":{"start":{"line":3,"column":21},"end":{"line":3,"column":25}},"locations":[{"start":{"line":3,"column":21},"end":{"line":3,"column":25}}]},"1":{"type":"branch","line":24,"loc":{"start":{"line":24,"column":2},"end":{"line":67,"column":3}},"locations":[{"start":{"line":24,"column":2},"end":{"line":67,"column":3}}]},"2":{"type":"branch","line":25,"loc":{"start":{"line":25,"column":21},"end":{"line":29,"column":5}},"locations":[{"start":{"line":25,"column":21},"end":{"line":29,"column":5}}]},"3":{"type":"branch","line":30,"loc":{"start":{"line":30,"column":-2},"end":{"line":31,"column":33}},"locations":[{"start":{"line":30,"column":-2},"end":{"line":31,"column":33}}]},"4":{"type":"branch","line":31,"loc":{"start":{"line":31,"column":29},"end":{"line":31,"column":55}},"locations":[{"start":{"line":31,"column":29},"end":{"line":31,"column":55}}]},"5":{"type":"branch","line":31,"loc":{"start":{"line":31,"column":57},"end":{"line":35,"column":5}},"locations":[{"start":{"line":31,"column":57},"end":{"line":35,"column":5}}]},"6":{"type":"branch","line":36,"loc":{"start":{"line":36,"column":-2},"end":{"line":37,"column":22}},"locations":[{"start":{"line":36,"column":-2},"end":{"line":37,"column":22}}]},"7":{"type":"branch","line":37,"loc":{"start":{"line":37,"column":22},"end":{"line":41,"column":5}},"locations":[{"start":{"line":37,"column":22},"end":{"line":41,"column":5}}]},"8":{"type":"branch","line":42,"loc":{"start":{"line":42,"column":-2},"end":{"line":43,"column":29}},"locations":[{"start":{"line":42,"column":-2},"end":{"line":43,"column":29}}]},"9":{"type":"branch","line":43,"loc":{"start":{"line":43,"column":29},"end":{"line":47,"column":5}},"locations":[{"start":{"line":43,"column":29},"end":{"line":47,"column":5}}]},"10":{"type":"branch","line":48,"loc":{"start":{"line":48,"column":-2},"end":{"line":49,"column":25}},"locations":[{"start":{"line":48,"column":-2},"end":{"line":49,"column":25}}]},"11":{"type":"branch","line":49,"loc":{"start":{"line":49,"column":25},"end":{"line":53,"column":5}},"locations":[{"start":{"line":49,"column":25},"end":{"line":53,"column":5}}]},"12":{"type":"branch","line":54,"loc":{"start":{"line":54,"column":-2},"end":{"line":55,"column":32}},"locations":[{"start":{"line":54,"column":-2},"end":{"line":55,"column":32}}]},"13":{"type":"branch","line":55,"loc":{"start":{"line":55,"column":32},"end":{"line":67,"column":3}},"locations":[{"start":{"line":55,"column":32},"end":{"line":67,"column":3}}]},"14":{"type":"branch","line":55,"loc":{"start":{"line":55,"column":32},"end":{"line":59,"column":5}},"locations":[{"start":{"line":55,"column":32},"end":{"line":59,"column":5}}]},"15":{"type":"branch","line":62,"loc":{"start":{"line":62,"column":13},"end":{"line":62,"column":53}},"locations":[{"start":{"line":62,"column":13},"end":{"line":62,"column":53}}]},"16":{"type":"branch","line":62,"loc":{"start":{"line":62,"column":39},"end":{"line":62,"column":53}},"locations":[{"start":{"line":62,"column":39},"end":{"line":62,"column":53}}]},"17":{"type":"branch","line":63,"loc":{"start":{"line":63,"column":15},"end":{"line":63,"column":31}},"locations":[{"start":{"line":63,"column":15},"end":{"line":63,"column":31}}]},"18":{"type":"branch","line":64,"loc":{"start":{"line":64,"column":16},"end":{"line":64,"column":33}},"locations":[{"start":{"line":64,"column":16},"end":{"line":64,"column":33}}]},"19":{"type":"branch","line":65,"loc":{"start":{"line":65,"column":19},"end":{"line":65,"column":39}},"locations":[{"start":{"line":65,"column":19},"end":{"line":65,"column":39}}]},"20":{"type":"branch","line":10,"loc":{"start":{"line":10,"column":2},"end":{"line":22,"column":3}},"locations":[{"start":{"line":10,"column":2},"end":{"line":22,"column":3}}]}},"b":{"0":[3],"1":[10],"2":[1],"3":[9],"4":[8],"5":[1],"6":[8],"7":[1],"8":[7],"9":[1],"10":[6],"11":[1],"12":[5],"13":[4],"14":[1],"15":[2],"16":[0],"17":[3],"18":[3],"19":[1],"20":[3]},"fnMap":{"0":{"name":"get","decl":{"start":{"line":3,"column":21},"end":{"line":3,"column":25}},"loc":{"start":{"line":3,"column":21},"end":{"line":3,"column":25}},"line":3},"1":{"name":"create","decl":{"start":{"line":24,"column":2},"end":{"line":67,"column":3}},"loc":{"start":{"line":24,"column":2},"end":{"line":67,"column":3}},"line":24},"2":{"name":"getId","decl":{"start":{"line":62,"column":13},"end":{"line":62,"column":53}},"loc":{"start":{"line":62,"column":13},"end":{"line":62,"column":53}},"line":62},"3":{"name":"getName","decl":{"start":{"line":63,"column":15},"end":{"line":63,"column":31}},"loc":{"start":{"line":63,"column":15},"end":{"line":63,"column":31}},"line":63},"4":{"name":"getEmail","decl":{"start":{"line":64,"column":16},"end":{"line":64,"column":33}},"loc":{"start":{"line":64,"column":16},"end":{"line":64,"column":33}},"line":64},"5":{"name":"getPassword","decl":{"start":{"line":65,"column":19},"end":{"line":65,"column":39}},"loc":{"start":{"line":65,"column":19},"end":{"line":65,"column":39}},"line":65},"6":{"name":"User","decl":{"start":{"line":10,"column":2},"end":{"line":22,"column":3}},"loc":{"start":{"line":10,"column":2},"end":{"line":22,"column":3}},"line":10}},"f":{"0":3,"1":10,"2":2,"3":3,"4":3,"5":1,"6":3}}
,"C:\\drawingApp\\backend\\src\\mocks\\helpers\\hashPasswordMock.ts": {"path":"C:\\drawingApp\\backend\\src\\mocks\\helpers\\hashPasswordMock.ts","all":false,"statementMap":{"0":{"start":{"line":1,"column":0},"end":{"line":1,"column":55}},"1":{"start":{"line":2,"column":0},"end":{"line":2,"column":27}},"2":{"start":{"line":3,"column":0},"end":{"line":3,"column":3}},"3":{"start":{"line":4,"column":0},"end":{"line":4,"column":0}},"4":{"start":{"line":5,"column":0},"end":{"line":5,"column":80}},"5":{"start":{"line":6,"column":0},"end":{"line":6,"column":45}},"6":{"start":{"line":7,"column":0},"end":{"line":7,"column":38}},"7":{"start":{"line":8,"column":0},"end":{"line":8,"column":15}},"8":{"start":{"line":9,"column":0},"end":{"line":9,"column":3}},"9":{"start":{"line":10,"column":0},"end":{"line":10,"column":0}},"10":{"start":{"line":11,"column":0},"end":{"line":11,"column":49}},"11":{"start":{"line":12,"column":0},"end":{"line":12,"column":10}},"12":{"start":{"line":13,"column":0},"end":{"line":13,"column":19}},"13":{"start":{"line":14,"column":0},"end":{"line":14,"column":25}},"14":{"start":{"line":15,"column":0},"end":{"line":15,"column":4}},"15":{"start":{"line":16,"column":0},"end":{"line":16,"column":3}},"16":{"start":{"line":17,"column":0},"end":{"line":17,"column":0}},"17":{"start":{"line":18,"column":0},"end":{"line":18,"column":20}}},"s":{"0":1,"1":0,"2":1,"3":1,"4":1,"5":3,"6":1,"7":1,"8":1,"9":1,"10":1,"11":0,"12":0,"13":0,"14":0,"15":1,"16":1,"17":1},"branchMap":{"0":{"type":"branch","line":5,"loc":{"start":{"line":5,"column":24},"end":{"line":5,"column":23}},"locations":[{"start":{"line":5,"column":24},"end":{"line":5,"column":23}}]},"1":{"type":"branch","line":5,"loc":{"start":{"line":5,"column":35},"end":{"line":9,"column":2}},"locations":[{"start":{"line":5,"column":35},"end":{"line":9,"column":2}}]},"2":{"type":"branch","line":6,"loc":{"start":{"line":6,"column":33},"end":{"line":9,"column":2}},"locations":[{"start":{"line":6,"column":33},"end":{"line":9,"column":2}}]},"3":{"type":"branch","line":7,"loc":{"start":{"line":7,"column":-2},"end":{"line":9,"column":2}},"locations":[{"start":{"line":7,"column":-2},"end":{"line":9,"column":2}}]}},"b":{"0":[5],"1":[3],"2":[2],"3":[1]},"fnMap":{"0":{"name":"mockHash","decl":{"start":{"line":1,"column":21},"end":{"line":1,"column":20}},"loc":{"start":{"line":1,"column":21},"end":{"line":1,"column":20}},"line":1},"1":{"name":"mockCompare","decl":{"start":{"line":5,"column":24},"end":{"line":5,"column":23}},"loc":{"start":{"line":5,"column":24},"end":{"line":5,"column":23}},"line":5}},"f":{"0":0,"1":5}}
,"C:\\drawingApp\\backend\\src\\mocks\\helpers\\tokenGeneratorMock.ts": {"path":"C:\\drawingApp\\backend\\src\\mocks\\helpers\\tokenGeneratorMock.ts","all":false,"statementMap":{"0":{"start":{"line":1,"column":0},"end":{"line":1,"column":56}},"1":{"start":{"line":2,"column":0},"end":{"line":2,"column":0}},"2":{"start":{"line":3,"column":0},"end":{"line":3,"column":60}},"3":{"start":{"line":4,"column":0},"end":{"line":4,"column":40}},"4":{"start":{"line":5,"column":0},"end":{"line":5,"column":15}},"5":{"start":{"line":6,"column":0},"end":{"line":6,"column":3}},"6":{"start":{"line":7,"column":0},"end":{"line":7,"column":0}},"7":{"start":{"line":8,"column":0},"end":{"line":8,"column":54}},"8":{"start":{"line":9,"column":0},"end":{"line":9,"column":10}},"9":{"start":{"line":10,"column":0},"end":{"line":10,"column":39}},"10":{"start":{"line":11,"column":0},"end":{"line":11,"column":29}},"11":{"start":{"line":12,"column":0},"end":{"line":12,"column":3}},"12":{"start":{"line":13,"column":0},"end":{"line":13,"column":2}},"13":{"start":{"line":14,"column":0},"end":{"line":14,"column":0}},"14":{"start":{"line":15,"column":0},"end":{"line":15,"column":49}},"15":{"start":{"line":16,"column":0},"end":{"line":16,"column":10}},"16":{"start":{"line":17,"column":0},"end":{"line":17,"column":27}},"17":{"start":{"line":18,"column":0},"end":{"line":18,"column":4}},"18":{"start":{"line":19,"column":0},"end":{"line":19,"column":3}},"19":{"start":{"line":20,"column":0},"end":{"line":20,"column":0}},"20":{"start":{"line":21,"column":0},"end":{"line":21,"column":20}}},"s":{"0":1,"1":1,"2":1,"3":2,"4":2,"5":1,"6":1,"7":1,"8":0,"9":0,"10":0,"11":0,"12":0,"13":1,"14":1,"15":0,"16":0,"17":0,"18":1,"19":1,"20":1},"branchMap":{"0":{"type":"branch","line":3,"loc":{"start":{"line":3,"column":25},"end":{"line":3,"column":24}},"locations":[{"start":{"line":3,"column":25},"end":{"line":3,"column":24}}]},"1":{"type":"branch","line":3,"loc":{"start":{"line":3,"column":36},"end":{"line":6,"column":2}},"locations":[{"start":{"line":3,"column":36},"end":{"line":6,"column":2}}]}},"b":{"0":[4],"1":[2]},"fnMap":{"0":{"name":"mockGenerate","decl":{"start":{"line":3,"column":25},"end":{"line":3,"column":24}},"loc":{"start":{"line":3,"column":25},"end":{"line":3,"column":24}},"line":3},"1":{"name":"mockDecode","decl":{"start":{"line":8,"column":23},"end":{"line":8,"column":22}},"loc":{"start":{"line":8,"column":23},"end":{"line":8,"column":22}},"line":8}},"f":{"0":4,"1":0}}
,"C:\\drawingApp\\backend\\src\\mocks\\infra\\mockDb.ts": {"path":"C:\\drawingApp\\backend\\src\\mocks\\infra\\mockDb.ts","all":false,"statementMap":{"0":{"start":{"line":1,"column":0},"end":{"line":1,"column":29}},"1":{"start":{"line":2,"column":0},"end":{"line":2,"column":38}},"2":{"start":{"line":3,"column":0},"end":{"line":3,"column":0}},"3":{"start":{"line":4,"column":0},"end":{"line":4,"column":45}},"4":{"start":{"line":5,"column":0},"end":{"line":5,"column":45}},"5":{"start":{"line":6,"column":0},"end":{"line":6,"column":3}},"6":{"start":{"line":7,"column":0},"end":{"line":7,"column":0}},"7":{"start":{"line":8,"column":0},"end":{"line":8,"column":34}},"8":{"start":{"line":9,"column":0},"end":{"line":9,"column":33}},"9":{"start":{"line":10,"column":0},"end":{"line":10,"column":3}},"10":{"start":{"line":11,"column":0},"end":{"line":11,"column":0}},"11":{"start":{"line":12,"column":0},"end":{"line":12,"column":29}},"12":{"start":{"line":13,"column":0},"end":{"line":13,"column":64}},"13":{"start":{"line":14,"column":0},"end":{"line":14,"column":3}},"14":{"start":{"line":15,"column":0},"end":{"line":15,"column":0}},"15":{"start":{"line":16,"column":0},"end":{"line":16,"column":50}},"16":{"start":{"line":17,"column":0},"end":{"line":17,"column":82}},"17":{"start":{"line":18,"column":0},"end":{"line":18,"column":16}},"18":{"start":{"line":19,"column":0},"end":{"line":19,"column":3}},"19":{"start":{"line":20,"column":0},"end":{"line":20,"column":0}},"20":{"start":{"line":21,"column":0},"end":{"line":21,"column":11}},"21":{"start":{"line":22,"column":0},"end":{"line":22,"column":31}},"22":{"start":{"line":23,"column":0},"end":{"line":23,"column":3}},"23":{"start":{"line":24,"column":0},"end":{"line":24,"column":1}}},"s":{"0":1,"1":1,"2":1,"3":1,"4":6,"5":6,"6":1,"7":1,"8":0,"9":0,"10":1,"11":1,"12":9,"13":9,"14":1,"15":1,"16":11,"17":11,"18":11,"19":1,"20":1,"21":18,"22":18,"23":1},"branchMap":{"0":{"type":"branch","line":1,"loc":{"start":{"line":1,"column":21},"end":{"line":1,"column":27}},"locations":[{"start":{"line":1,"column":21},"end":{"line":1,"column":27}}]},"1":{"type":"branch","line":12,"loc":{"start":{"line":12,"column":2},"end":{"line":14,"column":3}},"locations":[{"start":{"line":12,"column":2},"end":{"line":14,"column":3}}]},"2":{"type":"branch","line":16,"loc":{"start":{"line":16,"column":2},"end":{"line":19,"column":3}},"locations":[{"start":{"line":16,"column":2},"end":{"line":19,"column":3}}]},"3":{"type":"branch","line":17,"loc":{"start":{"line":17,"column":46},"end":{"line":17,"column":80}},"locations":[{"start":{"line":17,"column":46},"end":{"line":17,"column":80}}]},"4":{"type":"branch","line":21,"loc":{"start":{"line":21,"column":2},"end":{"line":23,"column":3}},"locations":[{"start":{"line":21,"column":2},"end":{"line":23,"column":3}}]},"5":{"type":"branch","line":4,"loc":{"start":{"line":4,"column":2},"end":{"line":6,"column":3}},"locations":[{"start":{"line":4,"column":2},"end":{"line":6,"column":3}}]}},"b":{"0":[6],"1":[9],"2":[11],"3":[8],"4":[18],"5":[6]},"fnMap":{"0":{"name":"get","decl":{"start":{"line":1,"column":21},"end":{"line":1,"column":27}},"loc":{"start":{"line":1,"column":21},"end":{"line":1,"column":27}},"line":1},"1":{"name":"get getInstances","decl":{"start":{"line":8,"column":2},"end":{"line":10,"column":3}},"loc":{"start":{"line":8,"column":2},"end":{"line":10,"column":3}},"line":8},"2":{"name":"setInstance","decl":{"start":{"line":12,"column":2},"end":{"line":14,"column":3}},"loc":{"start":{"line":12,"column":2},"end":{"line":14,"column":3}},"line":12},"3":{"name":"find","decl":{"start":{"line":16,"column":2},"end":{"line":19,"column":3}},"loc":{"start":{"line":16,"column":2},"end":{"line":19,"column":3}},"line":16},"4":{"name":"clean","decl":{"start":{"line":21,"column":2},"end":{"line":23,"column":3}},"loc":{"start":{"line":21,"column":2},"end":{"line":23,"column":3}},"line":21},"5":{"name":"MockDb","decl":{"start":{"line":4,"column":2},"end":{"line":6,"column":3}},"loc":{"start":{"line":4,"column":2},"end":{"line":6,"column":3}},"line":4}},"f":{"0":6,"1":0,"2":9,"3":11,"4":18,"5":6}}
,"C:\\drawingApp\\backend\\src\\mocks\\infra\\match\\matchDbMock.ts": {"path":"C:\\drawingApp\\backend\\src\\mocks\\infra\\match\\matchDbMock.ts","all":false,"statementMap":{"0":{"start":{"line":1,"column":0},"end":{"line":1,"column":52}},"1":{"start":{"line":2,"column":0},"end":{"line":2,"column":30}},"2":{"start":{"line":3,"column":0},"end":{"line":3,"column":0}},"3":{"start":{"line":4,"column":0},"end":{"line":4,"column":43}},"4":{"start":{"line":5,"column":0},"end":{"line":5,"column":0}},"5":{"start":{"line":6,"column":0},"end":{"line":6,"column":50}},"6":{"start":{"line":7,"column":0},"end":{"line":7,"column":49}},"7":{"start":{"line":8,"column":0},"end":{"line":8,"column":51}},"8":{"start":{"line":9,"column":0},"end":{"line":9,"column":55}},"9":{"start":{"line":10,"column":0},"end":{"line":10,"column":55}},"10":{"start":{"line":11,"column":0},"end":{"line":11,"column":57}},"11":{"start":{"line":12,"column":0},"end":{"line":12,"column":56}},"12":{"start":{"line":13,"column":0},"end":{"line":13,"column":0}},"13":{"start":{"line":14,"column":0},"end":{"line":14,"column":20}},"14":{"start":{"line":15,"column":0},"end":{"line":15,"column":21}},"15":{"start":{"line":16,"column":0},"end":{"line":16,"column":25}},"16":{"start":{"line":17,"column":0},"end":{"line":17,"column":33}},"17":{"start":{"line":18,"column":0},"end":{"line":18,"column":33}},"18":{"start":{"line":19,"column":0},"end":{"line":19,"column":37}},"19":{"start":{"line":20,"column":0},"end":{"line":20,"column":35}},"20":{"start":{"line":21,"column":0},"end":{"line":21,"column":4}},"21":{"start":{"line":22,"column":0},"end":{"line":22,"column":0}},"22":{"start":{"line":23,"column":0},"end":{"line":23,"column":38}},"23":{"start":{"line":24,"column":0},"end":{"line":24,"column":18}},"24":{"start":{"line":25,"column":0},"end":{"line":25,"column":3}},"25":{"start":{"line":26,"column":0},"end":{"line":26,"column":0}},"26":{"start":{"line":27,"column":0},"end":{"line":27,"column":68}},"27":{"start":{"line":28,"column":0},"end":{"line":28,"column":46}},"28":{"start":{"line":29,"column":0},"end":{"line":29,"column":0}},"29":{"start":{"line":30,"column":0},"end":{"line":30,"column":59}},"30":{"start":{"line":31,"column":0},"end":{"line":31,"column":0}},"31":{"start":{"line":32,"column":0},"end":{"line":32,"column":29}},"32":{"start":{"line":33,"column":0},"end":{"line":33,"column":32}},"33":{"start":{"line":34,"column":0},"end":{"line":34,"column":0}},"34":{"start":{"line":35,"column":0},"end":{"line":35,"column":10}},"35":{"start":{"line":36,"column":0},"end":{"line":36,"column":20}},"36":{"start":{"line":37,"column":0},"end":{"line":37,"column":25}},"37":{"start":{"line":38,"column":0},"end":{"line":38,"column":28}},"38":{"start":{"line":39,"column":0},"end":{"line":39,"column":32}},"39":{"start":{"line":40,"column":0},"end":{"line":40,"column":36}},"40":{"start":{"line":41,"column":0},"end":{"line":41,"column":33}},"41":{"start":{"line":42,"column":0},"end":{"line":42,"column":4}},"42":{"start":{"line":43,"column":0},"end":{"line":43,"column":3}},"43":{"start":{"line":44,"column":0},"end":{"line":44,"column":0}},"44":{"start":{"line":45,"column":0},"end":{"line":45,"column":49}},"45":{"start":{"line":46,"column":0},"end":{"line":46,"column":10}},"46":{"start":{"line":47,"column":0},"end":{"line":47,"column":23}},"47":{"start":{"line":48,"column":0},"end":{"line":48,"column":37}},"48":{"start":{"line":49,"column":0},"end":{"line":49,"column":4}},"49":{"start":{"line":50,"column":0},"end":{"line":50,"column":3}},"50":{"start":{"line":51,"column":0},"end":{"line":51,"column":0}},"51":{"start":{"line":52,"column":0},"end":{"line":52,"column":20}}},"s":{"0":1,"1":1,"2":1,"3":1,"4":1,"5":1,"6":8,"7":8,"8":8,"9":8,"10":8,"11":8,"12":2,"13":2,"14":2,"15":2,"16":2,"17":2,"18":2,"19":2,"20":2,"21":2,"22":2,"23":2,"24":1,"25":1,"26":1,"27":3,"28":2,"29":2,"30":2,"31":3,"32":3,"33":1,"34":1,"35":1,"36":1,"37":1,"38":1,"39":1,"40":1,"41":1,"42":1,"43":1,"44":1,"45":0,"46":0,"47":0,"48":0,"49":1,"50":1,"51":1},"branchMap":{"0":{"type":"branch","line":4,"loc":{"start":{"line":4,"column":26},"end":{"line":4,"column":25}},"locations":[{"start":{"line":4,"column":26},"end":{"line":4,"column":25}}]},"1":{"type":"branch","line":6,"loc":{"start":{"line":6,"column":23},"end":{"line":6,"column":22}},"locations":[{"start":{"line":6,"column":23},"end":{"line":6,"column":22}}]},"2":{"type":"branch","line":27,"loc":{"start":{"line":27,"column":32},"end":{"line":27,"column":31}},"locations":[{"start":{"line":27,"column":32},"end":{"line":27,"column":31}}]},"3":{"type":"branch","line":6,"loc":{"start":{"line":6,"column":34},"end":{"line":25,"column":2}},"locations":[{"start":{"line":6,"column":34},"end":{"line":25,"column":2}}]},"4":{"type":"branch","line":7,"loc":{"start":{"line":7,"column":21},"end":{"line":7,"column":49}},"locations":[{"start":{"line":7,"column":21},"end":{"line":7,"column":49}}]},"5":{"type":"branch","line":8,"loc":{"start":{"line":8,"column":-2},"end":{"line":8,"column":23}},"locations":[{"start":{"line":8,"column":-2},"end":{"line":8,"column":23}}]},"6":{"type":"branch","line":8,"loc":{"start":{"line":8,"column":23},"end":{"line":8,"column":51}},"locations":[{"start":{"line":8,"column":23},"end":{"line":8,"column":51}}]},"7":{"type":"branch","line":9,"loc":{"start":{"line":9,"column":-2},"end":{"line":9,"column":27}},"locations":[{"start":{"line":9,"column":-2},"end":{"line":9,"column":27}}]},"8":{"type":"branch","line":9,"loc":{"start":{"line":9,"column":27},"end":{"line":9,"column":55}},"locations":[{"start":{"line":9,"column":27},"end":{"line":9,"column":55}}]},"9":{"type":"branch","line":10,"loc":{"start":{"line":10,"column":-2},"end":{"line":10,"column":27}},"locations":[{"start":{"line":10,"column":-2},"end":{"line":10,"column":27}}]},"10":{"type":"branch","line":10,"loc":{"start":{"line":10,"column":27},"end":{"line":10,"column":55}},"locations":[{"start":{"line":10,"column":27},"end":{"line":10,"column":55}}]},"11":{"type":"branch","line":11,"loc":{"start":{"line":11,"column":-2},"end":{"line":11,"column":29}},"locations":[{"start":{"line":11,"column":-2},"end":{"line":11,"column":29}}]},"12":{"type":"branch","line":11,"loc":{"start":{"line":11,"column":29},"end":{"line":11,"column":57}},"locations":[{"start":{"line":11,"column":29},"end":{"line":11,"column":57}}]},"13":{"type":"branch","line":12,"loc":{"start":{"line":12,"column":-2},"end":{"line":12,"column":28}},"locations":[{"start":{"line":12,"column":-2},"end":{"line":12,"column":28}}]},"14":{"type":"branch","line":12,"loc":{"start":{"line":12,"column":28},"end":{"line":12,"column":56}},"locations":[{"start":{"line":12,"column":28},"end":{"line":12,"column":56}}]},"15":{"type":"branch","line":13,"loc":{"start":{"line":13,"column":-2},"end":{"line":25,"column":2}},"locations":[{"start":{"line":13,"column":-2},"end":{"line":25,"column":2}}]},"16":{"type":"branch","line":27,"loc":{"start":{"line":27,"column":43},"end":{"line":43,"column":2}},"locations":[{"start":{"line":27,"column":43},"end":{"line":43,"column":2}}]},"17":{"type":"branch","line":28,"loc":{"start":{"line":28,"column":18},"end":{"line":28,"column":46}},"locations":[{"start":{"line":28,"column":18},"end":{"line":28,"column":46}}]},"18":{"type":"branch","line":29,"loc":{"start":{"line":29,"column":-2},"end":{"line":32,"column":17}},"locations":[{"start":{"line":29,"column":-2},"end":{"line":32,"column":17}}]},"19":{"type":"branch","line":32,"loc":{"start":{"line":32,"column":17},"end":{"line":33,"column":20}},"locations":[{"start":{"line":32,"column":17},"end":{"line":33,"column":20}}]},"20":{"type":"branch","line":33,"loc":{"start":{"line":33,"column":20},"end":{"line":33,"column":32}},"locations":[{"start":{"line":33,"column":20},"end":{"line":33,"column":32}}]},"21":{"type":"branch","line":34,"loc":{"start":{"line":34,"column":-2},"end":{"line":43,"column":2}},"locations":[{"start":{"line":34,"column":-2},"end":{"line":43,"column":2}}]}},"b":{"0":[10],"1":[24],"2":[20],"3":[8],"4":[1],"5":[7],"6":[1],"7":[6],"8":[1],"9":[5],"10":[1],"11":[4],"12":[1],"13":[3],"14":[1],"15":[2],"16":[3],"17":[1],"18":[2],"19":[1],"20":[0],"21":[1]},"fnMap":{"0":{"name":"createdMatchs","decl":{"start":{"line":4,"column":26},"end":{"line":4,"column":25}},"loc":{"start":{"line":4,"column":26},"end":{"line":4,"column":25}},"line":4},"1":{"name":"mockCreate","decl":{"start":{"line":6,"column":23},"end":{"line":6,"column":22}},"loc":{"start":{"line":6,"column":23},"end":{"line":6,"column":22}},"line":6},"2":{"name":"mockFindByCreatorId","decl":{"start":{"line":27,"column":32},"end":{"line":27,"column":31}},"loc":{"start":{"line":27,"column":32},"end":{"line":27,"column":31}},"line":27}},"f":{"0":10,"1":24,"2":20}}
,"C:\\drawingApp\\backend\\src\\mocks\\infra\\user\\userDbMock.ts": {"path":"C:\\drawingApp\\backend\\src\\mocks\\infra\\user\\userDbMock.ts","all":false,"statementMap":{"0":{"start":{"line":1,"column":0},"end":{"line":1,"column":52}},"1":{"start":{"line":2,"column":0},"end":{"line":2,"column":29}},"2":{"start":{"line":3,"column":0},"end":{"line":3,"column":0}},"3":{"start":{"line":4,"column":0},"end":{"line":4,"column":41}},"4":{"start":{"line":5,"column":0},"end":{"line":5,"column":0}},"5":{"start":{"line":6,"column":0},"end":{"line":6,"column":49}},"6":{"start":{"line":7,"column":0},"end":{"line":7,"column":47}},"7":{"start":{"line":8,"column":0},"end":{"line":8,"column":49}},"8":{"start":{"line":9,"column":0},"end":{"line":9,"column":50}},"9":{"start":{"line":10,"column":0},"end":{"line":10,"column":53}},"10":{"start":{"line":11,"column":0},"end":{"line":11,"column":0}},"11":{"start":{"line":12,"column":0},"end":{"line":12,"column":19}},"12":{"start":{"line":13,"column":0},"end":{"line":13,"column":20}},"13":{"start":{"line":14,"column":0},"end":{"line":14,"column":24}},"14":{"start":{"line":15,"column":0},"end":{"line":15,"column":26}},"15":{"start":{"line":16,"column":0},"end":{"line":16,"column":32}},"16":{"start":{"line":17,"column":0},"end":{"line":17,"column":4}},"17":{"start":{"line":18,"column":0},"end":{"line":18,"column":0}},"18":{"start":{"line":19,"column":0},"end":{"line":19,"column":35}},"19":{"start":{"line":20,"column":0},"end":{"line":20,"column":16}},"20":{"start":{"line":21,"column":0},"end":{"line":21,"column":3}},"21":{"start":{"line":22,"column":0},"end":{"line":22,"column":0}},"22":{"start":{"line":23,"column":0},"end":{"line":23,"column":60}},"23":{"start":{"line":24,"column":0},"end":{"line":24,"column":41}},"24":{"start":{"line":25,"column":0},"end":{"line":25,"column":2}},"25":{"start":{"line":26,"column":0},"end":{"line":26,"column":48}},"26":{"start":{"line":27,"column":0},"end":{"line":27,"column":0}},"27":{"start":{"line":28,"column":0},"end":{"line":28,"column":27}},"28":{"start":{"line":29,"column":0},"end":{"line":29,"column":30}},"29":{"start":{"line":30,"column":0},"end":{"line":30,"column":0}},"30":{"start":{"line":31,"column":0},"end":{"line":31,"column":10}},"31":{"start":{"line":32,"column":0},"end":{"line":32,"column":19}},"32":{"start":{"line":33,"column":0},"end":{"line":33,"column":25}},"33":{"start":{"line":34,"column":0},"end":{"line":34,"column":23}},"34":{"start":{"line":35,"column":0},"end":{"line":35,"column":31}},"35":{"start":{"line":36,"column":0},"end":{"line":36,"column":4}},"36":{"start":{"line":37,"column":0},"end":{"line":37,"column":2}},"37":{"start":{"line":38,"column":0},"end":{"line":38,"column":0}},"38":{"start":{"line":39,"column":0},"end":{"line":39,"column":49}},"39":{"start":{"line":40,"column":0},"end":{"line":40,"column":10}},"40":{"start":{"line":41,"column":0},"end":{"line":41,"column":23}},"41":{"start":{"line":42,"column":0},"end":{"line":42,"column":32}},"42":{"start":{"line":43,"column":0},"end":{"line":43,"column":4}},"43":{"start":{"line":44,"column":0},"end":{"line":44,"column":3}},"44":{"start":{"line":45,"column":0},"end":{"line":45,"column":0}},"45":{"start":{"line":46,"column":0},"end":{"line":46,"column":20}}},"s":{"0":1,"1":1,"2":1,"3":1,"4":1,"5":1,"6":11,"7":11,"8":11,"9":11,"10":7,"11":7,"12":7,"13":7,"14":7,"15":7,"16":7,"17":7,"18":7,"19":7,"20":1,"21":1,"22":1,"23":10,"24":9,"25":9,"26":9,"27":10,"28":10,"29":5,"30":5,"31":5,"32":5,"33":5,"34":5,"35":5,"36":5,"37":1,"38":1,"39":0,"40":0,"41":0,"42":0,"43":1,"44":1,"45":1},"branchMap":{"0":{"type":"branch","line":4,"loc":{"start":{"line":4,"column":25},"end":{"line":4,"column":24}},"locations":[{"start":{"line":4,"column":25},"end":{"line":4,"column":24}}]},"1":{"type":"branch","line":6,"loc":{"start":{"line":6,"column":23},"end":{"line":6,"column":22}},"locations":[{"start":{"line":6,"column":23},"end":{"line":6,"column":22}}]},"2":{"type":"branch","line":23,"loc":{"start":{"line":23,"column":28},"end":{"line":23,"column":27}},"locations":[{"start":{"line":23,"column":28},"end":{"line":23,"column":27}}]},"3":{"type":"branch","line":6,"loc":{"start":{"line":6,"column":34},"end":{"line":21,"column":2}},"locations":[{"start":{"line":6,"column":34},"end":{"line":21,"column":2}}]},"4":{"type":"branch","line":7,"loc":{"start":{"line":7,"column":20},"end":{"line":7,"column":47}},"locations":[{"start":{"line":7,"column":20},"end":{"line":7,"column":47}}]},"5":{"type":"branch","line":8,"loc":{"start":{"line":8,"column":-2},"end":{"line":8,"column":22}},"locations":[{"start":{"line":8,"column":-2},"end":{"line":8,"column":22}}]},"6":{"type":"branch","line":8,"loc":{"start":{"line":8,"column":22},"end":{"line":8,"column":49}},"locations":[{"start":{"line":8,"column":22},"end":{"line":8,"column":49}}]},"7":{"type":"branch","line":9,"loc":{"start":{"line":9,"column":-2},"end":{"line":9,"column":23}},"locations":[{"start":{"line":9,"column":-2},"end":{"line":9,"column":23}}]},"8":{"type":"branch","line":9,"loc":{"start":{"line":9,"column":23},"end":{"line":9,"column":50}},"locations":[{"start":{"line":9,"column":23},"end":{"line":9,"column":50}}]},"9":{"type":"branch","line":10,"loc":{"start":{"line":10,"column":-2},"end":{"line":10,"column":26}},"locations":[{"start":{"line":10,"column":-2},"end":{"line":10,"column":26}}]},"10":{"type":"branch","line":10,"loc":{"start":{"line":10,"column":26},"end":{"line":10,"column":53}},"locations":[{"start":{"line":10,"column":26},"end":{"line":10,"column":53}}]},"11":{"type":"branch","line":11,"loc":{"start":{"line":11,"column":-2},"end":{"line":21,"column":2}},"locations":[{"start":{"line":11,"column":-2},"end":{"line":21,"column":2}}]},"12":{"type":"branch","line":23,"loc":{"start":{"line":23,"column":39},"end":{"line":37,"column":2}},"locations":[{"start":{"line":23,"column":39},"end":{"line":37,"column":2}}]},"13":{"type":"branch","line":24,"loc":{"start":{"line":24,"column":14},"end":{"line":24,"column":41}},"locations":[{"start":{"line":24,"column":14},"end":{"line":24,"column":41}}]},"14":{"type":"branch","line":25,"loc":{"start":{"line":25,"column":-2},"end":{"line":28,"column":16}},"locations":[{"start":{"line":25,"column":-2},"end":{"line":28,"column":16}}]},"15":{"type":"branch","line":28,"loc":{"start":{"line":28,"column":16},"end":{"line":29,"column":19}},"locations":[{"start":{"line":28,"column":16},"end":{"line":29,"column":19}}]},"16":{"type":"branch","line":28,"loc":{"start":{"line":28,"column":16},"end":{"line":28,"column":27}},"locations":[{"start":{"line":28,"column":16},"end":{"line":28,"column":27}}]},"17":{"type":"branch","line":29,"loc":{"start":{"line":29,"column":-2},"end":{"line":29,"column":19}},"locations":[{"start":{"line":29,"column":-2},"end":{"line":29,"column":19}}]},"18":{"type":"branch","line":29,"loc":{"start":{"line":29,"column":19},"end":{"line":37,"column":2}},"locations":[{"start":{"line":29,"column":19},"end":{"line":37,"column":2}}]},"19":{"type":"branch","line":29,"loc":{"start":{"line":29,"column":19},"end":{"line":29,"column":30}},"locations":[{"start":{"line":29,"column":19},"end":{"line":29,"column":30}}]},"20":{"type":"branch","line":30,"loc":{"start":{"line":30,"column":-2},"end":{"line":37,"column":2}},"locations":[{"start":{"line":30,"column":-2},"end":{"line":37,"column":2}}]}},"b":{"0":[8],"1":[30],"2":[23],"3":[11],"4":[1],"5":[10],"6":[1],"7":[9],"8":[1],"9":[8],"10":[1],"11":[7],"12":[10],"13":[1],"14":[9],"15":[7],"16":[4],"17":[5],"18":[9],"19":[0],"20":[5]},"fnMap":{"0":{"name":"createdUsers","decl":{"start":{"line":4,"column":25},"end":{"line":4,"column":24}},"loc":{"start":{"line":4,"column":25},"end":{"line":4,"column":24}},"line":4},"1":{"name":"mockCreate","decl":{"start":{"line":6,"column":23},"end":{"line":6,"column":22}},"loc":{"start":{"line":6,"column":23},"end":{"line":6,"column":22}},"line":6},"2":{"name":"mockFindByEmail","decl":{"start":{"line":23,"column":28},"end":{"line":23,"column":27}},"loc":{"start":{"line":23,"column":28},"end":{"line":23,"column":27}},"line":23}},"f":{"0":8,"1":30,"2":23}}
,"C:\\drawingApp\\backend\\src\\mocks\\main\\usecases\\user\\createUserUsecaseMock.ts": {"path":"C:\\drawingApp\\backend\\src\\mocks\\main\\usecases\\user\\createUserUsecaseMock.ts","all":false,"statementMap":{"0":{"start":{"line":1,"column":0},"end":{"line":1,"column":51}},"1":{"start":{"line":2,"column":0},"end":{"line":2,"column":80}},"2":{"start":{"line":3,"column":0},"end":{"line":3,"column":77}},"3":{"start":{"line":4,"column":0},"end":{"line":4,"column":0}},"4":{"start":{"line":5,"column":0},"end":{"line":5,"column":50}},"5":{"start":{"line":6,"column":0},"end":{"line":6,"column":72}},"6":{"start":{"line":7,"column":0},"end":{"line":7,"column":74}},"7":{"start":{"line":8,"column":0},"end":{"line":8,"column":75}},"8":{"start":{"line":9,"column":0},"end":{"line":9,"column":78}},"9":{"start":{"line":10,"column":0},"end":{"line":10,"column":0}},"10":{"start":{"line":11,"column":0},"end":{"line":11,"column":34}},"11":{"start":{"line":12,"column":0},"end":{"line":12,"column":20}},"12":{"start":{"line":13,"column":0},"end":{"line":13,"column":24}},"13":{"start":{"line":14,"column":0},"end":{"line":14,"column":26}},"14":{"start":{"line":15,"column":0},"end":{"line":15,"column":32}},"15":{"start":{"line":16,"column":0},"end":{"line":16,"column":5}},"16":{"start":{"line":17,"column":0},"end":{"line":17,"column":52}},"17":{"start":{"line":18,"column":0},"end":{"line":18,"column":0}},"18":{"start":{"line":19,"column":0},"end":{"line":19,"column":53}},"19":{"start":{"line":20,"column":0},"end":{"line":20,"column":26}},"20":{"start":{"line":21,"column":0},"end":{"line":21,"column":79}},"21":{"start":{"line":22,"column":0},"end":{"line":22,"column":0}},"22":{"start":{"line":23,"column":0},"end":{"line":23,"column":30}},"23":{"start":{"line":24,"column":0},"end":{"line":24,"column":0}},"24":{"start":{"line":25,"column":0},"end":{"line":25,"column":10}},"25":{"start":{"line":26,"column":0},"end":{"line":26,"column":20}},"26":{"start":{"line":27,"column":0},"end":{"line":27,"column":11}},"27":{"start":{"line":28,"column":0},"end":{"line":28,"column":29}},"28":{"start":{"line":29,"column":0},"end":{"line":29,"column":33}},"29":{"start":{"line":30,"column":0},"end":{"line":30,"column":35}},"30":{"start":{"line":31,"column":0},"end":{"line":31,"column":5}},"31":{"start":{"line":32,"column":0},"end":{"line":32,"column":3}},"32":{"start":{"line":33,"column":0},"end":{"line":33,"column":3}},"33":{"start":{"line":34,"column":0},"end":{"line":34,"column":0}},"34":{"start":{"line":35,"column":0},"end":{"line":35,"column":49}},"35":{"start":{"line":36,"column":0},"end":{"line":36,"column":10}},"36":{"start":{"line":37,"column":0},"end":{"line":37,"column":25}},"37":{"start":{"line":38,"column":0},"end":{"line":38,"column":4}},"38":{"start":{"line":39,"column":0},"end":{"line":39,"column":3}},"39":{"start":{"line":40,"column":0},"end":{"line":40,"column":0}},"40":{"start":{"line":41,"column":0},"end":{"line":41,"column":20}}},"s":{"0":1,"1":1,"2":1,"3":1,"4":1,"5":11,"6":11,"7":11,"8":11,"9":3,"10":3,"11":3,"12":3,"13":3,"14":3,"15":3,"16":11,"17":3,"18":3,"19":3,"20":11,"21":2,"22":2,"23":2,"24":2,"25":2,"26":2,"27":2,"28":2,"29":2,"30":2,"31":2,"32":1,"33":1,"34":1,"35":0,"36":0,"37":0,"38":1,"39":1,"40":1},"branchMap":{"0":{"type":"branch","line":5,"loc":{"start":{"line":5,"column":24},"end":{"line":5,"column":23}},"locations":[{"start":{"line":5,"column":24},"end":{"line":5,"column":23}}]},"1":{"type":"branch","line":5,"loc":{"start":{"line":5,"column":35},"end":{"line":33,"column":2}},"locations":[{"start":{"line":5,"column":35},"end":{"line":33,"column":2}}]},"2":{"type":"branch","line":6,"loc":{"start":{"line":6,"column":20},"end":{"line":6,"column":72}},"locations":[{"start":{"line":6,"column":20},"end":{"line":6,"column":72}}]},"3":{"type":"branch","line":7,"loc":{"start":{"line":7,"column":-2},"end":{"line":7,"column":22}},"locations":[{"start":{"line":7,"column":-2},"end":{"line":7,"column":22}}]},"4":{"type":"branch","line":7,"loc":{"start":{"line":7,"column":22},"end":{"line":7,"column":74}},"locations":[{"start":{"line":7,"column":22},"end":{"line":7,"column":74}}]},"5":{"type":"branch","line":8,"loc":{"start":{"line":8,"column":-2},"end":{"line":8,"column":23}},"locations":[{"start":{"line":8,"column":-2},"end":{"line":8,"column":23}}]},"6":{"type":"branch","line":8,"loc":{"start":{"line":8,"column":23},"end":{"line":8,"column":75}},"locations":[{"start":{"line":8,"column":23},"end":{"line":8,"column":75}}]},"7":{"type":"branch","line":9,"loc":{"start":{"line":9,"column":-2},"end":{"line":9,"column":26}},"locations":[{"start":{"line":9,"column":-2},"end":{"line":9,"column":26}}]},"8":{"type":"branch","line":9,"loc":{"start":{"line":9,"column":26},"end":{"line":17,"column":35}},"locations":[{"start":{"line":9,"column":26},"end":{"line":17,"column":35}}]},"9":{"type":"branch","line":9,"loc":{"start":{"line":9,"column":26},"end":{"line":9,"column":78}},"locations":[{"start":{"line":9,"column":26},"end":{"line":9,"column":78}}]},"10":{"type":"branch","line":10,"loc":{"start":{"line":10,"column":-2},"end":{"line":17,"column":35}},"locations":[{"start":{"line":10,"column":-2},"end":{"line":17,"column":35}}]},"11":{"type":"branch","line":17,"loc":{"start":{"line":17,"column":35},"end":{"line":17,"column":52}},"locations":[{"start":{"line":17,"column":35},"end":{"line":17,"column":52}}]},"12":{"type":"branch","line":18,"loc":{"start":{"line":18,"column":-2},"end":{"line":21,"column":27}},"locations":[{"start":{"line":18,"column":-2},"end":{"line":21,"column":27}}]},"13":{"type":"branch","line":21,"loc":{"start":{"line":21,"column":27},"end":{"line":33,"column":2}},"locations":[{"start":{"line":21,"column":27},"end":{"line":33,"column":2}}]},"14":{"type":"branch","line":21,"loc":{"start":{"line":21,"column":27},"end":{"line":21,"column":79}},"locations":[{"start":{"line":21,"column":27},"end":{"line":21,"column":79}}]},"15":{"type":"branch","line":22,"loc":{"start":{"line":22,"column":-2},"end":{"line":33,"column":2}},"locations":[{"start":{"line":22,"column":-2},"end":{"line":33,"column":2}}]}},"b":{"0":[17],"1":[11],"2":[2],"3":[9],"4":[2],"5":[7],"6":[2],"7":[5],"8":[7],"9":[2],"10":[3],"11":[0],"12":[3],"13":[6],"14":[1],"15":[2]},"fnMap":{"0":{"name":"mockExecute","decl":{"start":{"line":5,"column":24},"end":{"line":5,"column":23}},"loc":{"start":{"line":5,"column":24},"end":{"line":5,"column":23}},"line":5}},"f":{"0":17}}
,"C:\\drawingApp\\backend\\src\\mocks\\main\\usecases\\user\\loginUsecase.ts": {"path":"C:\\drawingApp\\backend\\src\\mocks\\main\\usecases\\user\\loginUsecase.ts","all":false,"statementMap":{"0":{"start":{"line":1,"column":0},"end":{"line":1,"column":77}},"1":{"start":{"line":2,"column":0},"end":{"line":2,"column":74}},"2":{"start":{"line":3,"column":0},"end":{"line":3,"column":76}},"3":{"start":{"line":4,"column":0},"end":{"line":4,"column":73}},"4":{"start":{"line":5,"column":0},"end":{"line":5,"column":61}},"5":{"start":{"line":6,"column":0},"end":{"line":6,"column":80}},"6":{"start":{"line":7,"column":0},"end":{"line":7,"column":0}},"7":{"start":{"line":8,"column":0},"end":{"line":8,"column":51}},"8":{"start":{"line":9,"column":0},"end":{"line":9,"column":76}},"9":{"start":{"line":10,"column":0},"end":{"line":10,"column":79}},"10":{"start":{"line":11,"column":0},"end":{"line":11,"column":0}},"11":{"start":{"line":12,"column":0},"end":{"line":12,"column":52}},"12":{"start":{"line":13,"column":0},"end":{"line":13,"column":50}},"13":{"start":{"line":14,"column":0},"end":{"line":14,"column":27}},"14":{"start":{"line":15,"column":0},"end":{"line":15,"column":30}},"15":{"start":{"line":16,"column":0},"end":{"line":16,"column":55}},"16":{"start":{"line":17,"column":0},"end":{"line":17,"column":3}},"17":{"start":{"line":18,"column":0},"end":{"line":18,"column":0}},"18":{"start":{"line":19,"column":0},"end":{"line":19,"column":29}},"19":{"start":{"line":20,"column":0},"end":{"line":20,"column":0}},"20":{"start":{"line":21,"column":0},"end":{"line":21,"column":76}},"21":{"start":{"line":22,"column":0},"end":{"line":22,"column":24}},"22":{"start":{"line":23,"column":0},"end":{"line":23,"column":31}},"23":{"start":{"line":24,"column":0},"end":{"line":24,"column":55}},"24":{"start":{"line":25,"column":0},"end":{"line":25,"column":3}},"25":{"start":{"line":26,"column":0},"end":{"line":26,"column":25}},"26":{"start":{"line":27,"column":0},"end":{"line":27,"column":0}},"27":{"start":{"line":28,"column":0},"end":{"line":28,"column":22}},"28":{"start":{"line":29,"column":0},"end":{"line":29,"column":25}},"29":{"start":{"line":30,"column":0},"end":{"line":30,"column":26}},"30":{"start":{"line":31,"column":0},"end":{"line":31,"column":3}},"31":{"start":{"line":32,"column":0},"end":{"line":32,"column":0}},"32":{"start":{"line":33,"column":0},"end":{"line":33,"column":40}},"33":{"start":{"line":34,"column":0},"end":{"line":34,"column":26}},"34":{"start":{"line":35,"column":0},"end":{"line":35,"column":0}},"35":{"start":{"line":36,"column":0},"end":{"line":36,"column":10}},"36":{"start":{"line":37,"column":0},"end":{"line":37,"column":20}},"37":{"start":{"line":38,"column":0},"end":{"line":38,"column":11}},"38":{"start":{"line":39,"column":0},"end":{"line":39,"column":17}},"39":{"start":{"line":40,"column":0},"end":{"line":40,"column":18}},"40":{"start":{"line":41,"column":0},"end":{"line":41,"column":5}},"41":{"start":{"line":42,"column":0},"end":{"line":42,"column":3}},"42":{"start":{"line":43,"column":0},"end":{"line":43,"column":2}},"43":{"start":{"line":44,"column":0},"end":{"line":44,"column":0}},"44":{"start":{"line":45,"column":0},"end":{"line":45,"column":49}},"45":{"start":{"line":46,"column":0},"end":{"line":46,"column":10}},"46":{"start":{"line":47,"column":0},"end":{"line":47,"column":24}},"47":{"start":{"line":48,"column":0},"end":{"line":48,"column":4}},"48":{"start":{"line":49,"column":0},"end":{"line":49,"column":3}},"49":{"start":{"line":50,"column":0},"end":{"line":50,"column":0}},"50":{"start":{"line":51,"column":0},"end":{"line":51,"column":20}}},"s":{"0":1,"1":1,"2":1,"3":1,"4":1,"5":1,"6":1,"7":1,"8":6,"9":6,"10":4,"11":4,"12":6,"13":6,"14":1,"15":1,"16":1,"17":3,"18":3,"19":3,"20":3,"21":6,"22":1,"23":1,"24":1,"25":2,"26":2,"27":2,"28":2,"29":2,"30":2,"31":2,"32":2,"33":2,"34":2,"35":2,"36":2,"37":2,"38":2,"39":2,"40":2,"41":2,"42":2,"43":1,"44":1,"45":0,"46":0,"47":0,"48":1,"49":1,"50":1},"branchMap":{"0":{"type":"branch","line":8,"loc":{"start":{"line":8,"column":24},"end":{"line":8,"column":23}},"locations":[{"start":{"line":8,"column":24},"end":{"line":8,"column":23}}]},"1":{"type":"branch","line":8,"loc":{"start":{"line":8,"column":35},"end":{"line":43,"column":2}},"locations":[{"start":{"line":8,"column":35},"end":{"line":43,"column":2}}]},"2":{"type":"branch","line":9,"loc":{"start":{"line":9,"column":24},"end":{"line":9,"column":76}},"locations":[{"start":{"line":9,"column":24},"end":{"line":9,"column":76}}]},"3":{"type":"branch","line":10,"loc":{"start":{"line":10,"column":-2},"end":{"line":10,"column":27}},"locations":[{"start":{"line":10,"column":-2},"end":{"line":10,"column":27}}]},"4":{"type":"branch","line":10,"loc":{"start":{"line":10,"column":27},"end":{"line":13,"column":34}},"locations":[{"start":{"line":10,"column":27},"end":{"line":13,"column":34}}]},"5":{"type":"branch","line":10,"loc":{"start":{"line":10,"column":27},"end":{"line":10,"column":79}},"locations":[{"start":{"line":10,"column":27},"end":{"line":10,"column":79}}]},"6":{"type":"branch","line":13,"loc":{"start":{"line":13,"column":34},"end":{"line":13,"column":50}},"locations":[{"start":{"line":13,"column":34},"end":{"line":13,"column":50}}]},"7":{"type":"branch","line":14,"loc":{"start":{"line":14,"column":-2},"end":{"line":14,"column":26}},"locations":[{"start":{"line":14,"column":-2},"end":{"line":14,"column":26}}]},"8":{"type":"branch","line":14,"loc":{"start":{"line":14,"column":26},"end":{"line":17,"column":3}},"locations":[{"start":{"line":14,"column":26},"end":{"line":17,"column":3}}]},"9":{"type":"branch","line":18,"loc":{"start":{"line":18,"column":-2},"end":{"line":22,"column":23}},"locations":[{"start":{"line":18,"column":-2},"end":{"line":22,"column":23}}]},"10":{"type":"branch","line":22,"loc":{"start":{"line":22,"column":23},"end":{"line":43,"column":2}},"locations":[{"start":{"line":22,"column":23},"end":{"line":43,"column":2}}]},"11":{"type":"branch","line":22,"loc":{"start":{"line":22,"column":23},"end":{"line":25,"column":3}},"locations":[{"start":{"line":22,"column":23},"end":{"line":25,"column":3}}]},"12":{"type":"branch","line":26,"loc":{"start":{"line":26,"column":-2},"end":{"line":43,"column":2}},"locations":[{"start":{"line":26,"column":-2},"end":{"line":43,"column":2}}]}},"b":{"0":[9],"1":[6],"2":[1],"3":[5],"4":[4],"5":[1],"6":[0],"7":[4],"8":[1],"9":[3],"10":[4],"11":[1],"12":[2]},"fnMap":{"0":{"name":"mockExecute","decl":{"start":{"line":8,"column":24},"end":{"line":8,"column":23}},"loc":{"start":{"line":8,"column":24},"end":{"line":8,"column":23}},"line":8}},"f":{"0":9}}
,"C:\\drawingApp\\backend\\src\\mocks\\presentation\\controllers\\user\\createControllerMock.ts": {"path":"C:\\drawingApp\\backend\\src\\mocks\\presentation\\controllers\\user\\createControllerMock.ts","all":false,"statementMap":{"0":{"start":{"line":1,"column":0},"end":{"line":1,"column":80}},"1":{"start":{"line":2,"column":0},"end":{"line":2,"column":80}},"2":{"start":{"line":3,"column":0},"end":{"line":3,"column":0}},"3":{"start":{"line":4,"column":0},"end":{"line":4,"column":57}},"4":{"start":{"line":5,"column":0},"end":{"line":5,"column":31}},"5":{"start":{"line":6,"column":0},"end":{"line":6,"column":0}},"6":{"start":{"line":7,"column":0},"end":{"line":7,"column":63}},"7":{"start":{"line":8,"column":0},"end":{"line":8,"column":0}},"8":{"start":{"line":9,"column":0},"end":{"line":9,"column":48}},"9":{"start":{"line":10,"column":0},"end":{"line":10,"column":0}},"10":{"start":{"line":11,"column":0},"end":{"line":11,"column":19}},"11":{"start":{"line":12,"column":0},"end":{"line":12,"column":0}},"12":{"start":{"line":13,"column":0},"end":{"line":13,"column":13}},"13":{"start":{"line":14,"column":0},"end":{"line":14,"column":3}},"14":{"start":{"line":15,"column":0},"end":{"line":15,"column":0}},"15":{"start":{"line":16,"column":0},"end":{"line":16,"column":49}},"16":{"start":{"line":17,"column":0},"end":{"line":17,"column":10}},"17":{"start":{"line":18,"column":0},"end":{"line":18,"column":21}},"18":{"start":{"line":19,"column":0},"end":{"line":19,"column":4}},"19":{"start":{"line":20,"column":0},"end":{"line":20,"column":3}},"20":{"start":{"line":21,"column":0},"end":{"line":21,"column":0}},"21":{"start":{"line":22,"column":0},"end":{"line":22,"column":20}}},"s":{"0":1,"1":1,"2":1,"3":1,"4":6,"5":6,"6":6,"7":5,"8":5,"9":5,"10":5,"11":5,"12":5,"13":1,"14":1,"15":1,"16":0,"17":0,"18":0,"19":1,"20":1,"21":1},"branchMap":{"0":{"type":"branch","line":4,"loc":{"start":{"line":4,"column":22},"end":{"line":4,"column":21}},"locations":[{"start":{"line":4,"column":22},"end":{"line":4,"column":21}}]},"1":{"type":"branch","line":4,"loc":{"start":{"line":4,"column":33},"end":{"line":14,"column":2}},"locations":[{"start":{"line":4,"column":33},"end":{"line":14,"column":2}}]},"2":{"type":"branch","line":7,"loc":{"start":{"line":7,"column":13},"end":{"line":7,"column":63}},"locations":[{"start":{"line":7,"column":13},"end":{"line":7,"column":63}}]},"3":{"type":"branch","line":8,"loc":{"start":{"line":8,"column":-2},"end":{"line":14,"column":2}},"locations":[{"start":{"line":8,"column":-2},"end":{"line":14,"column":2}}]}},"b":{"0":[12],"1":[6],"2":[1],"3":[5]},"fnMap":{"0":{"name":"mockRoute","decl":{"start":{"line":4,"column":22},"end":{"line":4,"column":21}},"loc":{"start":{"line":4,"column":22},"end":{"line":4,"column":21}},"line":4}},"f":{"0":12}}
,"C:\\drawingApp\\backend\\src\\mocks\\presentation\\controllers\\user\\loginControllerMock.ts": {"path":"C:\\drawingApp\\backend\\src\\mocks\\presentation\\controllers\\user\\loginControllerMock.ts","all":false,"statementMap":{"0":{"start":{"line":1,"column":0},"end":{"line":1,"column":80}},"1":{"start":{"line":2,"column":0},"end":{"line":2,"column":71}},"2":{"start":{"line":3,"column":0},"end":{"line":3,"column":0}},"3":{"start":{"line":4,"column":0},"end":{"line":4,"column":51}},"4":{"start":{"line":5,"column":0},"end":{"line":5,"column":31}},"5":{"start":{"line":6,"column":0},"end":{"line":6,"column":0}},"6":{"start":{"line":7,"column":0},"end":{"line":7,"column":63}},"7":{"start":{"line":8,"column":0},"end":{"line":8,"column":73}},"8":{"start":{"line":9,"column":0},"end":{"line":9,"column":0}},"9":{"start":{"line":10,"column":0},"end":{"line":10,"column":42}},"10":{"start":{"line":11,"column":0},"end":{"line":11,"column":0}},"11":{"start":{"line":12,"column":0},"end":{"line":12,"column":13}},"12":{"start":{"line":13,"column":0},"end":{"line":13,"column":2}},"13":{"start":{"line":14,"column":0},"end":{"line":14,"column":0}},"14":{"start":{"line":15,"column":0},"end":{"line":15,"column":49}},"15":{"start":{"line":16,"column":0},"end":{"line":16,"column":10}},"16":{"start":{"line":17,"column":0},"end":{"line":17,"column":20}},"17":{"start":{"line":18,"column":0},"end":{"line":18,"column":3}},"18":{"start":{"line":19,"column":0},"end":{"line":19,"column":2}},"19":{"start":{"line":20,"column":0},"end":{"line":20,"column":0}},"20":{"start":{"line":21,"column":0},"end":{"line":21,"column":20}}},"s":{"0":1,"1":1,"2":1,"3":1,"4":4,"5":4,"6":4,"7":4,"8":3,"9":3,"10":3,"11":3,"12":3,"13":1,"14":1,"15":0,"16":0,"17":0,"18":0,"19":1,"20":1},"branchMap":{"0":{"type":"branch","line":4,"loc":{"start":{"line":4,"column":22},"end":{"line":4,"column":21}},"locations":[{"start":{"line":4,"column":22},"end":{"line":4,"column":21}}]},"1":{"type":"branch","line":4,"loc":{"start":{"line":4,"column":33},"end":{"line":13,"column":2}},"locations":[{"start":{"line":4,"column":33},"end":{"line":13,"column":2}}]},"2":{"type":"branch","line":7,"loc":{"start":{"line":7,"column":13},"end":{"line":7,"column":63}},"locations":[{"start":{"line":7,"column":13},"end":{"line":7,"column":63}}]},"3":{"type":"branch","line":8,"loc":{"start":{"line":8,"column":23},"end":{"line":8,"column":73}},"locations":[{"start":{"line":8,"column":23},"end":{"line":8,"column":73}}]},"4":{"type":"branch","line":9,"loc":{"start":{"line":9,"column":-2},"end":{"line":13,"column":2}},"locations":[{"start":{"line":9,"column":-2},"end":{"line":13,"column":2}}]}},"b":{"0":[8],"1":[4],"2":[0],"3":[1],"4":[3]},"fnMap":{"0":{"name":"mockRoute","decl":{"start":{"line":4,"column":22},"end":{"line":4,"column":21}},"loc":{"start":{"line":4,"column":22},"end":{"line":4,"column":21}},"line":4}},"f":{"0":8}}
,"C:\\drawingApp\\backend\\src\\utils\\errors\\index.ts": {"path":"C:\\drawingApp\\backend\\src\\utils\\errors\\index.ts","all":false,"statementMap":{"0":{"start":{"line":1,"column":0},"end":{"line":1,"column":51}},"1":{"start":{"line":2,"column":0},"end":{"line":2,"column":51}},"2":{"start":{"line":3,"column":0},"end":{"line":3,"column":39}},"3":{"start":{"line":4,"column":0},"end":{"line":4,"column":51}},"4":{"start":{"line":5,"column":0},"end":{"line":5,"column":0}},"5":{"start":{"line":6,"column":0},"end":{"line":6,"column":79}}},"s":{"0":1,"1":1,"2":1,"3":1,"4":1,"5":1},"branchMap":{"0":{"type":"branch","line":6,"loc":{"start":{"line":6,"column":26},"end":{"line":6,"column":28}},"locations":[{"start":{"line":6,"column":26},"end":{"line":6,"column":28}}]},"1":{"type":"branch","line":6,"loc":{"start":{"line":6,"column":45},"end":{"line":6,"column":47}},"locations":[{"start":{"line":6,"column":45},"end":{"line":6,"column":47}}]},"2":{"type":"branch","line":6,"loc":{"start":{"line":6,"column":58},"end":{"line":6,"column":60}},"locations":[{"start":{"line":6,"column":58},"end":{"line":6,"column":60}}]},"3":{"type":"branch","line":6,"loc":{"start":{"line":6,"column":77},"end":{"line":6,"column":79}},"locations":[{"start":{"line":6,"column":77},"end":{"line":6,"column":79}}]}},"b":{"0":[26],"1":[39],"2":[19],"3":[4]},"fnMap":{"0":{"name":"InvalidParamError","decl":{"start":{"line":6,"column":26},"end":{"line":6,"column":28}},"loc":{"start":{"line":6,"column":26},"end":{"line":6,"column":28}},"line":6},"1":{"name":"MissingParamError","decl":{"start":{"line":6,"column":45},"end":{"line":6,"column":47}},"loc":{"start":{"line":6,"column":45},"end":{"line":6,"column":47}},"line":6},"2":{"name":"ServerError","decl":{"start":{"line":6,"column":58},"end":{"line":6,"column":60}},"loc":{"start":{"line":6,"column":58},"end":{"line":6,"column":60}},"line":6},"3":{"name":"UnauthorizedError","decl":{"start":{"line":6,"column":77},"end":{"line":6,"column":79}},"loc":{"start":{"line":6,"column":77},"end":{"line":6,"column":79}},"line":6}},"f":{"0":26,"1":39,"2":19,"3":4}}
,"C:\\drawingApp\\backend\\src\\utils\\errors\\invalidParamError.ts": {"path":"C:\\drawingApp\\backend\\src\\utils\\errors\\invalidParamError.ts","all":false,"statementMap":{"0":{"start":{"line":1,"column":0},"end":{"line":1,"column":50}},"1":{"start":{"line":2,"column":0},"end":{"line":2,"column":79}},"2":{"start":{"line":3,"column":0},"end":{"line":3,"column":13}},"3":{"start":{"line":4,"column":0},"end":{"line":4,"column":21}},"4":{"start":{"line":5,"column":0},"end":{"line":5,"column":0}},"5":{"start":{"line":6,"column":0},"end":{"line":6,"column":47}},"6":{"start":{"line":7,"column":0},"end":{"line":7,"column":26}},"7":{"start":{"line":8,"column":0},"end":{"line":8,"column":21}},"8":{"start":{"line":9,"column":0},"end":{"line":9,"column":39}},"9":{"start":{"line":10,"column":0},"end":{"line":10,"column":3}},"10":{"start":{"line":11,"column":0},"end":{"line":11,"column":1}}},"s":{"0":1,"1":1,"2":1,"3":1,"4":1,"5":1,"6":9,"7":9,"8":9,"9":9,"10":1},"branchMap":{"0":{"type":"branch","line":2,"loc":{"start":{"line":2,"column":21},"end":{"line":2,"column":38}},"locations":[{"start":{"line":2,"column":21},"end":{"line":2,"column":38}}]},"1":{"type":"branch","line":6,"loc":{"start":{"line":6,"column":2},"end":{"line":10,"column":3}},"locations":[{"start":{"line":6,"column":2},"end":{"line":10,"column":3}}]}},"b":{"0":[26],"1":[9]},"fnMap":{"0":{"name":"get","decl":{"start":{"line":2,"column":21},"end":{"line":2,"column":38}},"loc":{"start":{"line":2,"column":21},"end":{"line":2,"column":38}},"line":2},"1":{"name":"InvalidParamError","decl":{"start":{"line":6,"column":2},"end":{"line":10,"column":3}},"loc":{"start":{"line":6,"column":2},"end":{"line":10,"column":3}},"line":6}},"f":{"0":26,"1":9}}
,"C:\\drawingApp\\backend\\src\\utils\\errors\\missingParamError.ts": {"path":"C:\\drawingApp\\backend\\src\\utils\\errors\\missingParamError.ts","all":false,"statementMap":{"0":{"start":{"line":1,"column":0},"end":{"line":1,"column":84}},"1":{"start":{"line":2,"column":0},"end":{"line":2,"column":0}},"2":{"start":{"line":3,"column":0},"end":{"line":3,"column":79}},"3":{"start":{"line":4,"column":0},"end":{"line":4,"column":13}},"4":{"start":{"line":5,"column":0},"end":{"line":5,"column":21}},"5":{"start":{"line":6,"column":0},"end":{"line":6,"column":0}},"6":{"start":{"line":7,"column":0},"end":{"line":7,"column":47}},"7":{"start":{"line":8,"column":0},"end":{"line":8,"column":26}},"8":{"start":{"line":9,"column":0},"end":{"line":9,"column":21}},"9":{"start":{"line":10,"column":0},"end":{"line":10,"column":39}},"10":{"start":{"line":11,"column":0},"end":{"line":11,"column":3}},"11":{"start":{"line":12,"column":0},"end":{"line":12,"column":1}}},"s":{"0":1,"1":1,"2":1,"3":1,"4":1,"5":1,"6":1,"7":19,"8":19,"9":19,"10":19,"11":1},"branchMap":{"0":{"type":"branch","line":3,"loc":{"start":{"line":3,"column":21},"end":{"line":3,"column":38}},"locations":[{"start":{"line":3,"column":21},"end":{"line":3,"column":38}}]},"1":{"type":"branch","line":7,"loc":{"start":{"line":7,"column":2},"end":{"line":11,"column":3}},"locations":[{"start":{"line":7,"column":2},"end":{"line":11,"column":3}}]}},"b":{"0":[39],"1":[19]},"fnMap":{"0":{"name":"get","decl":{"start":{"line":3,"column":21},"end":{"line":3,"column":38}},"loc":{"start":{"line":3,"column":21},"end":{"line":3,"column":38}},"line":3},"1":{"name":"MissingParamError","decl":{"start":{"line":7,"column":2},"end":{"line":11,"column":3}},"loc":{"start":{"line":7,"column":2},"end":{"line":11,"column":3}},"line":7}},"f":{"0":39,"1":19}}
,"C:\\drawingApp\\backend\\src\\utils\\errors\\serverError.ts": {"path":"C:\\drawingApp\\backend\\src\\utils\\errors\\serverError.ts","all":false,"statementMap":{"0":{"start":{"line":1,"column":0},"end":{"line":1,"column":84}},"1":{"start":{"line":2,"column":0},"end":{"line":2,"column":0}},"2":{"start":{"line":3,"column":0},"end":{"line":3,"column":73}},"3":{"start":{"line":4,"column":0},"end":{"line":4,"column":48}},"4":{"start":{"line":5,"column":0},"end":{"line":5,"column":21}},"5":{"start":{"line":6,"column":0},"end":{"line":6,"column":0}},"6":{"start":{"line":7,"column":0},"end":{"line":7,"column":35}},"7":{"start":{"line":8,"column":0},"end":{"line":8,"column":25}},"8":{"start":{"line":9,"column":0},"end":{"line":9,"column":39}},"9":{"start":{"line":10,"column":0},"end":{"line":10,"column":3}},"10":{"start":{"line":11,"column":0},"end":{"line":11,"column":1}}},"s":{"0":1,"1":1,"2":1,"3":1,"4":1,"5":1,"6":1,"7":12,"8":12,"9":12,"10":1},"branchMap":{"0":{"type":"branch","line":3,"loc":{"start":{"line":3,"column":21},"end":{"line":3,"column":32}},"locations":[{"start":{"line":3,"column":21},"end":{"line":3,"column":32}}]},"1":{"type":"branch","line":7,"loc":{"start":{"line":7,"column":2},"end":{"line":10,"column":3}},"locations":[{"start":{"line":7,"column":2},"end":{"line":10,"column":3}}]}},"b":{"0":[19],"1":[12]},"fnMap":{"0":{"name":"get","decl":{"start":{"line":3,"column":21},"end":{"line":3,"column":32}},"loc":{"start":{"line":3,"column":21},"end":{"line":3,"column":32}},"line":3},"1":{"name":"ServerError","decl":{"start":{"line":7,"column":2},"end":{"line":10,"column":3}},"loc":{"start":{"line":7,"column":2},"end":{"line":10,"column":3}},"line":7}},"f":{"0":19,"1":12}}
,"C:\\drawingApp\\backend\\src\\utils\\errors\\unauthorizedError.ts": {"path":"C:\\drawingApp\\backend\\src\\utils\\errors\\unauthorizedError.ts","all":false,"statementMap":{"0":{"start":{"line":1,"column":0},"end":{"line":1,"column":84}},"1":{"start":{"line":2,"column":0},"end":{"line":2,"column":0}},"2":{"start":{"line":3,"column":0},"end":{"line":3,"column":79}},"3":{"start":{"line":4,"column":0},"end":{"line":4,"column":13}},"4":{"start":{"line":5,"column":0},"end":{"line":5,"column":21}},"5":{"start":{"line":6,"column":0},"end":{"line":6,"column":0}},"6":{"start":{"line":7,"column":0},"end":{"line":7,"column":47}},"7":{"start":{"line":8,"column":0},"end":{"line":8,"column":31}},"8":{"start":{"line":9,"column":0},"end":{"line":9,"column":21}},"9":{"start":{"line":10,"column":0},"end":{"line":10,"column":39}},"10":{"start":{"line":11,"column":0},"end":{"line":11,"column":3}},"11":{"start":{"line":12,"column":0},"end":{"line":12,"column":1}}},"s":{"0":1,"1":1,"2":1,"3":1,"4":1,"5":1,"6":1,"7":2,"8":2,"9":2,"10":2,"11":1},"branchMap":{"0":{"type":"branch","line":3,"loc":{"start":{"line":3,"column":21},"end":{"line":3,"column":38}},"locations":[{"start":{"line":3,"column":21},"end":{"line":3,"column":38}}]},"1":{"type":"branch","line":7,"loc":{"start":{"line":7,"column":2},"end":{"line":11,"column":3}},"locations":[{"start":{"line":7,"column":2},"end":{"line":11,"column":3}}]}},"b":{"0":[4],"1":[2]},"fnMap":{"0":{"name":"get","decl":{"start":{"line":3,"column":21},"end":{"line":3,"column":38}},"loc":{"start":{"line":3,"column":21},"end":{"line":3,"column":38}},"line":3},"1":{"name":"UnauthorizedError","decl":{"start":{"line":7,"column":2},"end":{"line":11,"column":3}},"loc":{"start":{"line":7,"column":2},"end":{"line":11,"column":3}},"line":7}},"f":{"0":4,"1":2}}
,"C:\\drawingApp\\backend\\src\\utils\\helpers\\hashPassword\\hashPassword.ts": {"path":"C:\\drawingApp\\backend\\src\\utils\\helpers\\hashPassword\\hashPassword.ts","all":false,"statementMap":{"0":{"start":{"line":1,"column":0},"end":{"line":1,"column":27}},"1":{"start":{"line":2,"column":0},"end":{"line":2,"column":86}},"2":{"start":{"line":3,"column":0},"end":{"line":3,"column":68}},"3":{"start":{"line":4,"column":0},"end":{"line":4,"column":32}},"4":{"start":{"line":5,"column":0},"end":{"line":5,"column":25}},"5":{"start":{"line":6,"column":0},"end":{"line":6,"column":0}},"6":{"start":{"line":7,"column":0},"end":{"line":7,"column":19}},"7":{"start":{"line":8,"column":0},"end":{"line":8,"column":68}},"8":{"start":{"line":9,"column":0},"end":{"line":9,"column":28}},"9":{"start":{"line":10,"column":0},"end":{"line":10,"column":5}},"10":{"start":{"line":11,"column":0},"end":{"line":11,"column":13}},"11":{"start":{"line":12,"column":0},"end":{"line":12,"column":3}},"12":{"start":{"line":13,"column":0},"end":{"line":13,"column":0}},"13":{"start":{"line":14,"column":0},"end":{"line":14,"column":59}},"14":{"start":{"line":15,"column":0},"end":{"line":15,"column":66}},"15":{"start":{"line":16,"column":0},"end":{"line":16,"column":18}},"16":{"start":{"line":17,"column":0},"end":{"line":17,"column":3}},"17":{"start":{"line":18,"column":0},"end":{"line":18,"column":1}}},"s":{"0":1,"1":1,"2":1,"3":1,"4":1,"5":1,"6":1,"7":1,"8":1,"9":1,"10":0,"11":0,"12":1,"13":1,"14":2,"15":2,"16":2,"17":1},"branchMap":{"0":{"type":"branch","line":3,"loc":{"start":{"line":3,"column":21},"end":{"line":3,"column":33}},"locations":[{"start":{"line":3,"column":21},"end":{"line":3,"column":33}}]},"1":{"type":"branch","line":4,"loc":{"start":{"line":4,"column":2},"end":{"line":12,"column":3}},"locations":[{"start":{"line":4,"column":2},"end":{"line":12,"column":3}}]},"2":{"type":"branch","line":11,"loc":{"start":{"line":11,"column":-2},"end":{"line":12,"column":3}},"locations":[{"start":{"line":11,"column":-2},"end":{"line":12,"column":3}}]},"3":{"type":"branch","line":14,"loc":{"start":{"line":14,"column":2},"end":{"line":17,"column":3}},"locations":[{"start":{"line":14,"column":2},"end":{"line":17,"column":3}}]}},"b":{"0":[3],"1":[1],"2":[0],"3":[2]},"fnMap":{"0":{"name":"get","decl":{"start":{"line":3,"column":21},"end":{"line":3,"column":33}},"loc":{"start":{"line":3,"column":21},"end":{"line":3,"column":33}},"line":3},"1":{"name":"hash","decl":{"start":{"line":4,"column":2},"end":{"line":12,"column":3}},"loc":{"start":{"line":4,"column":2},"end":{"line":12,"column":3}},"line":4},"2":{"name":"compare","decl":{"start":{"line":14,"column":2},"end":{"line":17,"column":3}},"loc":{"start":{"line":14,"column":2},"end":{"line":17,"column":3}},"line":14}},"f":{"0":3,"1":1,"2":2}}
,"C:\\drawingApp\\backend\\src\\validators\\emailValidator\\emailValidator.ts": {"path":"C:\\drawingApp\\backend\\src\\validators\\emailValidator\\emailValidator.ts","all":false,"statementMap":{"0":{"start":{"line":1,"column":0},"end":{"line":1,"column":39}},"1":{"start":{"line":2,"column":0},"end":{"line":2,"column":92}},"2":{"start":{"line":3,"column":0},"end":{"line":3,"column":0}},"3":{"start":{"line":4,"column":0},"end":{"line":4,"column":67}},"4":{"start":{"line":5,"column":0},"end":{"line":5,"column":35}},"5":{"start":{"line":6,"column":0},"end":{"line":6,"column":13}},"6":{"start":{"line":7,"column":0},"end":{"line":7,"column":31}},"7":{"start":{"line":8,"column":0},"end":{"line":8,"column":20}},"8":{"start":{"line":9,"column":0},"end":{"line":9,"column":5}},"9":{"start":{"line":10,"column":0},"end":{"line":10,"column":3}},"10":{"start":{"line":11,"column":0},"end":{"line":11,"column":53}},"11":{"start":{"line":12,"column":0},"end":{"line":12,"column":1}},"12":{"start":{"line":13,"column":0},"end":{"line":13,"column":0}},"13":{"start":{"line":14,"column":0},"end":{"line":14,"column":30}}},"s":{"0":1,"1":1,"2":1,"3":1,"4":9,"5":2,"6":2,"7":2,"8":2,"9":2,"10":7,"11":7,"12":1,"13":1},"branchMap":{"0":{"type":"branch","line":14,"loc":{"start":{"line":14,"column":0},"end":{"line":14,"column":15}},"locations":[{"start":{"line":14,"column":0},"end":{"line":14,"column":15}}]},"1":{"type":"branch","line":4,"loc":{"start":{"line":4,"column":23},"end":{"line":12,"column":1}},"locations":[{"start":{"line":4,"column":23},"end":{"line":12,"column":1}}]},"2":{"type":"branch","line":5,"loc":{"start":{"line":5,"column":34},"end":{"line":12,"column":1}},"locations":[{"start":{"line":5,"column":34},"end":{"line":12,"column":1}}]},"3":{"type":"branch","line":5,"loc":{"start":{"line":5,"column":34},"end":{"line":10,"column":3}},"locations":[{"start":{"line":5,"column":34},"end":{"line":10,"column":3}}]},"4":{"type":"branch","line":11,"loc":{"start":{"line":11,"column":-2},"end":{"line":12,"column":1}},"locations":[{"start":{"line":11,"column":-2},"end":{"line":12,"column":1}}]}},"b":{"0":[5],"1":[9],"2":[8],"3":[2],"4":[7]},"fnMap":{"0":{"name":"get","decl":{"start":{"line":14,"column":0},"end":{"line":14,"column":15}},"loc":{"start":{"line":14,"column":0},"end":{"line":14,"column":15}},"line":14},"1":{"name":"emailValidator","decl":{"start":{"line":4,"column":23},"end":{"line":12,"column":1}},"loc":{"start":{"line":4,"column":23},"end":{"line":12,"column":1}},"line":4}},"f":{"0":5,"1":9}}
,"C:\\drawingApp\\backend\\src\\validators\\passwordValidator\\passwordValidator.ts": {"path":"C:\\drawingApp\\backend\\src\\validators\\passwordValidator\\passwordValidator.ts","all":false,"statementMap":{"0":{"start":{"line":1,"column":0},"end":{"line":1,"column":98}},"1":{"start":{"line":2,"column":0},"end":{"line":2,"column":0}},"2":{"start":{"line":3,"column":0},"end":{"line":3,"column":88}},"3":{"start":{"line":4,"column":0},"end":{"line":4,"column":52}},"4":{"start":{"line":5,"column":0},"end":{"line":5,"column":12}},"5":{"start":{"line":6,"column":0},"end":{"line":6,"column":75}},"6":{"start":{"line":7,"column":0},"end":{"line":7,"column":20}},"7":{"start":{"line":8,"column":0},"end":{"line":8,"column":5}},"8":{"start":{"line":9,"column":0},"end":{"line":9,"column":3}},"9":{"start":{"line":10,"column":0},"end":{"line":10,"column":0}},"10":{"start":{"line":11,"column":0},"end":{"line":11,"column":56}},"11":{"start":{"line":12,"column":0},"end":{"line":12,"column":1}}},"s":{"0":1,"1":1,"2":1,"3":8,"4":3,"5":3,"6":3,"7":3,"8":3,"9":5,"10":5,"11":5},"branchMap":{"0":{"type":"branch","line":3,"loc":{"start":{"line":3,"column":24},"end":{"line":3,"column":41}},"locations":[{"start":{"line":3,"column":24},"end":{"line":3,"column":41}}]},"1":{"type":"branch","line":3,"loc":{"start":{"line":3,"column":15},"end":{"line":12,"column":1}},"locations":[{"start":{"line":3,"column":15},"end":{"line":12,"column":1}}]},"2":{"type":"branch","line":4,"loc":{"start":{"line":4,"column":25},"end":{"line":4,"column":49}},"locations":[{"start":{"line":4,"column":25},"end":{"line":4,"column":49}}]},"3":{"type":"branch","line":4,"loc":{"start":{"line":4,"column":51},"end":{"line":12,"column":1}},"locations":[{"start":{"line":4,"column":51},"end":{"line":12,"column":1}}]},"4":{"type":"branch","line":4,"loc":{"start":{"line":4,"column":51},"end":{"line":9,"column":3}},"locations":[{"start":{"line":4,"column":51},"end":{"line":9,"column":3}}]},"5":{"type":"branch","line":10,"loc":{"start":{"line":10,"column":-2},"end":{"line":12,"column":1}},"locations":[{"start":{"line":10,"column":-2},"end":{"line":12,"column":1}}]}},"b":{"0":[6],"1":[8],"2":[6],"3":[7],"4":[3],"5":[5]},"fnMap":{"0":{"name":"get","decl":{"start":{"line":3,"column":24},"end":{"line":3,"column":41}},"loc":{"start":{"line":3,"column":24},"end":{"line":3,"column":41}},"line":3},"1":{"name":"passwordValidator","decl":{"start":{"line":3,"column":15},"end":{"line":12,"column":1}},"loc":{"start":{"line":3,"column":15},"end":{"line":12,"column":1}},"line":3}},"f":{"0":6,"1":8}}
}
