TN:
SF:src\domain\entities\index.ts
FN:12,user
FNF:1
FNH:1
FNDA:10,user
DA:1,1
DA:2,1
DA:3,1
DA:4,1
DA:5,1
DA:6,1
DA:7,1
DA:8,1
DA:9,1
DA:10,1
DA:11,1
DA:12,1
DA:13,1
DA:14,1
LF:14
LH:14
BRDA:12,0,0,10
BRF:1
BRH:1
end_of_record
TN:
SF:src\domain\entities\matchEntity\MatchEntity.ts
FN:5,get
FN:16,create
FN:87,getId
FN:88,getName
FN:89,getPassword
FN:90,getCategory
FN:91,getMaxPlayers
FN:92,getCreatorId
FN:10,Match
FNF:9
FNH:4
FNDA:13,get
FNDA:10,create
FNDA:0,getId
FNDA:0,getName
FNDA:0,getPassword
FNDA:0,getCategory
FNDA:0,getMaxPlayers
FNDA:1,getCreatorId
FNDA:13,Match
DA:1,1
DA:2,1
DA:3,1
DA:4,1
DA:5,1
DA:6,1
DA:7,1
DA:8,1
DA:9,1
DA:10,1
DA:11,13
DA:12,13
DA:13,13
DA:14,13
DA:15,1
DA:16,1
DA:17,10
DA:18,1
DA:19,1
DA:20,1
DA:21,1
DA:22,1
DA:23,1
DA:24,1
DA:25,1
DA:26,9
DA:27,10
DA:28,1
DA:29,1
DA:30,1
DA:31,1
DA:32,1
DA:33,1
DA:34,1
DA:35,1
DA:36,8
DA:37,10
DA:38,1
DA:39,1
DA:40,1
DA:41,1
DA:42,1
DA:43,1
DA:44,1
DA:45,1
DA:46,7
DA:47,10
DA:48,2
DA:49,2
DA:50,2
DA:51,2
DA:52,2
DA:53,2
DA:54,2
DA:55,5
DA:56,10
DA:57,1
DA:58,1
DA:59,1
DA:60,1
DA:61,1
DA:62,1
DA:63,1
DA:64,1
DA:65,4
DA:66,10
DA:67,2
DA:68,2
DA:69,2
DA:70,2
DA:71,2
DA:72,2
DA:73,2
DA:74,2
DA:75,2
DA:76,2
DA:77,1
DA:78,1
DA:79,1
DA:80,1
DA:81,1
DA:82,1
DA:83,1
DA:84,2
DA:85,1
DA:86,1
DA:87,1
DA:88,1
DA:89,1
DA:90,1
DA:91,1
DA:92,1
DA:93,1
DA:94,1
DA:95,1
LF:95
LH:95
BRDA:5,0,0,13
BRDA:16,1,0,10
BRDA:17,2,0,1
BRDA:26,3,0,9
BRDA:27,4,0,1
BRDA:36,5,0,8
BRDA:37,6,0,1
BRDA:46,7,0,7
BRDA:47,8,0,6
BRDA:47,9,0,2
BRDA:55,10,0,5
BRDA:56,11,0,1
BRDA:65,12,0,4
BRDA:66,13,0,3
BRDA:66,14,0,2
BRDA:76,15,0,1
BRDA:85,16,0,1
BRDA:92,17,0,1
BRDA:10,18,0,13
BRF:19
BRH:19
end_of_record
TN:
SF:src\domain\entities\userEntity\UserEntity.ts
FN:3,get
FN:24,create
FN:80,getId
FN:81,getName
FN:82,getEmail
FN:83,getPassword
FN:10,User
FNF:7
FNH:7
FNDA:3,get
FNDA:10,create
FNDA:2,getId
FNDA:3,getName
FNDA:3,getEmail
FNDA:1,getPassword
FNDA:3,User
DA:1,1
DA:2,1
DA:3,1
DA:4,1
DA:5,1
DA:6,1
DA:7,1
DA:8,1
DA:9,1
DA:10,1
DA:11,3
DA:12,3
DA:13,3
DA:14,3
DA:15,3
DA:16,3
DA:17,3
DA:18,3
DA:19,3
DA:20,3
DA:21,3
DA:22,3
DA:23,1
DA:24,1
DA:25,10
DA:26,1
DA:27,1
DA:28,1
DA:29,1
DA:30,1
DA:31,1
DA:32,1
DA:33,9
DA:34,10
DA:35,1
DA:36,1
DA:37,1
DA:38,1
DA:39,1
DA:40,1
DA:41,1
DA:42,8
DA:43,10
DA:44,1
DA:45,1
DA:46,1
DA:47,1
DA:48,1
DA:49,1
DA:50,1
DA:51,7
DA:52,10
DA:53,1
DA:54,1
DA:55,1
DA:56,1
DA:57,1
DA:58,1
DA:59,1
DA:60,6
DA:61,10
DA:62,1
DA:63,1
DA:64,1
DA:65,1
DA:66,1
DA:67,1
DA:68,1
DA:69,5
DA:70,10
DA:71,1
DA:72,1
DA:73,1
DA:74,1
DA:75,1
DA:76,1
DA:77,1
DA:78,4
DA:79,4
DA:80,4
DA:81,4
DA:82,4
DA:83,4
DA:84,4
DA:85,4
DA:86,1
LF:86
LH:86
BRDA:3,0,0,3
BRDA:24,1,0,10
BRDA:25,2,0,1
BRDA:33,3,0,9
BRDA:34,4,0,8
BRDA:34,5,0,1
BRDA:42,6,0,8
BRDA:43,7,0,1
BRDA:51,8,0,7
BRDA:52,9,0,1
BRDA:60,10,0,6
BRDA:61,11,0,1
BRDA:69,12,0,5
BRDA:70,13,0,4
BRDA:70,14,0,1
BRDA:80,15,0,2
BRDA:80,16,0,0
BRDA:81,17,0,3
BRDA:82,18,0,3
BRDA:83,19,0,1
BRDA:10,20,0,3
BRF:21
BRH:20
end_of_record
TN:
SF:src\mocks\helpers\hashPasswordMock.ts
FN:1,mockHash
FN:5,mockCompare
FNF:2
FNH:1
FNDA:0,mockHash
FNDA:5,mockCompare
DA:1,1
DA:2,0
DA:3,1
DA:4,1
DA:5,1
DA:6,3
DA:7,1
DA:8,1
DA:9,1
DA:10,1
DA:11,1
DA:12,0
DA:13,0
DA:14,0
DA:15,0
DA:16,1
DA:17,1
DA:18,1
LF:18
LH:13
BRDA:5,0,0,5
BRDA:5,1,0,3
BRDA:6,2,0,2
BRDA:7,3,0,1
BRF:4
BRH:4
end_of_record
TN:
SF:src\mocks\helpers\tokenGeneratorMock.ts
FN:3,mockGenerate
FN:8,mockDecode
FNF:2
FNH:1
FNDA:4,mockGenerate
FNDA:0,mockDecode
DA:1,1
DA:2,1
DA:3,1
DA:4,2
DA:5,2
DA:6,1
DA:7,1
DA:8,1
DA:9,0
DA:10,0
DA:11,0
DA:12,0
DA:13,0
DA:14,1
DA:15,1
DA:16,0
DA:17,0
DA:18,0
DA:19,1
DA:20,1
DA:21,1
LF:21
LH:13
BRDA:3,0,0,4
BRDA:3,1,0,2
BRF:2
BRH:2
end_of_record
TN:
SF:src\mocks\infra\user\fakeDb.ts
FN:3,get
FN:10,get getUsers
FN:14,setUsers
FN:18,findByEmail
FN:23,clean
FN:6,Users
FNF:6
FNH:5
FNDA:5,get
FNDA:0,get getUsers
FNDA:7,setUsers
FNDA:9,findByEmail
FNDA:8,clean
FNDA:5,Users
DA:1,1
DA:2,1
DA:3,1
DA:4,1
DA:5,1
DA:6,1
DA:7,5
DA:8,5
DA:9,1
DA:10,1
DA:11,0
DA:12,0
DA:13,1
DA:14,1
DA:15,7
DA:16,7
DA:17,1
DA:18,1
DA:19,9
DA:20,9
DA:21,9
DA:22,1
DA:23,1
DA:24,8
DA:25,8
DA:26,1
LF:26
LH:24
BRDA:3,0,0,5
BRDA:14,1,0,7
BRDA:18,2,0,9
BRDA:19,3,0,7
BRDA:23,4,0,8
BRDA:6,5,0,5
BRF:6
BRH:6
end_of_record
TN:
SF:src\mocks\infra\user\userDbMock.ts
FN:5,createdUsers
FN:7,mockCreate
FN:25,mockFindByEmail
FNF:3
FNH:3
FNDA:8,createdUsers
FNDA:30,mockCreate
FNDA:23,mockFindByEmail
DA:1,1
DA:2,1
DA:3,1
DA:4,1
DA:5,1
DA:6,1
DA:7,1
DA:8,11
DA:9,11
DA:10,11
DA:11,11
DA:12,7
DA:13,7
DA:14,7
DA:15,7
DA:16,7
DA:17,7
DA:18,7
DA:19,7
DA:20,7
DA:21,7
DA:22,7
DA:23,1
DA:24,1
DA:25,1
DA:26,10
DA:27,9
DA:28,9
DA:29,9
DA:30,10
DA:31,10
DA:32,5
DA:33,5
DA:34,5
DA:35,5
DA:36,5
DA:37,5
DA:38,5
DA:39,5
DA:40,1
DA:41,1
DA:42,0
DA:43,0
DA:44,0
DA:45,0
DA:46,1
DA:47,1
DA:48,1
LF:48
LH:44
BRDA:5,0,0,8
BRDA:7,1,0,30
BRDA:25,2,0,23
BRDA:7,3,0,11
BRDA:8,4,0,1
BRDA:9,5,0,10
BRDA:9,6,0,1
BRDA:10,7,0,9
BRDA:10,8,0,1
BRDA:11,9,0,8
BRDA:11,10,0,1
BRDA:12,11,0,7
BRDA:25,12,0,10
BRDA:26,13,0,1
BRDA:27,14,0,9
BRDA:30,15,0,7
BRDA:30,16,0,4
BRDA:31,17,0,5
BRDA:31,18,0,9
BRDA:31,19,0,0
BRDA:32,20,0,5
BRF:21
BRH:20
end_of_record
TN:
SF:src\mocks\main\usecases\user\createUserUsecaseMock.ts
FN:5,mockExecute
FNF:1
FNH:1
FNDA:17,mockExecute
DA:1,1
DA:2,1
DA:3,1
DA:4,1
DA:5,1
DA:6,11
DA:7,11
DA:8,11
DA:9,11
DA:10,3
DA:11,3
DA:12,3
DA:13,3
DA:14,3
DA:15,3
DA:16,3
DA:17,11
DA:18,3
DA:19,3
DA:20,3
DA:21,11
DA:22,2
DA:23,2
DA:24,2
DA:25,2
DA:26,2
DA:27,2
DA:28,2
DA:29,2
DA:30,2
DA:31,2
DA:32,2
DA:33,1
DA:34,1
DA:35,1
DA:36,0
DA:37,0
DA:38,0
DA:39,1
DA:40,1
DA:41,1
LF:41
LH:38
BRDA:5,0,0,17
BRDA:5,1,0,11
BRDA:6,2,0,2
BRDA:7,3,0,9
BRDA:7,4,0,2
BRDA:8,5,0,7
BRDA:8,6,0,2
BRDA:9,7,0,5
BRDA:9,8,0,7
BRDA:9,9,0,2
BRDA:10,10,0,3
BRDA:17,11,0,0
BRDA:18,12,0,3
BRDA:21,13,0,6
BRDA:21,14,0,1
BRDA:22,15,0,2
BRF:16
BRH:15
end_of_record
TN:
SF:src\mocks\main\usecases\user\loginUsecase.ts
FN:8,mockExecute
FNF:1
FNH:1
FNDA:9,mockExecute
DA:1,1
DA:2,1
DA:3,1
DA:4,1
DA:5,1
DA:6,1
DA:7,1
DA:8,1
DA:9,6
DA:10,6
DA:11,4
DA:12,4
DA:13,6
DA:14,6
DA:15,1
DA:16,1
DA:17,1
DA:18,3
DA:19,3
DA:20,3
DA:21,3
DA:22,6
DA:23,1
DA:24,1
DA:25,1
DA:26,2
DA:27,2
DA:28,2
DA:29,2
DA:30,2
DA:31,2
DA:32,2
DA:33,2
DA:34,2
DA:35,2
DA:36,2
DA:37,2
DA:38,2
DA:39,2
DA:40,2
DA:41,2
DA:42,2
DA:43,2
DA:44,1
DA:45,1
DA:46,0
DA:47,0
DA:48,0
DA:49,1
DA:50,1
DA:51,1
LF:51
LH:48
BRDA:8,0,0,9
BRDA:8,1,0,6
BRDA:9,2,0,1
BRDA:10,3,0,5
BRDA:10,4,0,4
BRDA:10,5,0,1
BRDA:13,6,0,0
BRDA:14,7,0,4
BRDA:14,8,0,1
BRDA:18,9,0,3
BRDA:22,10,0,4
BRDA:22,11,0,1
BRDA:26,12,0,2
BRF:13
BRH:12
end_of_record
TN:
SF:src\mocks\presentation\controllers\user\createControllerMock.ts
FN:4,mockRoute
FNF:1
FNH:1
FNDA:12,mockRoute
DA:1,1
DA:2,1
DA:3,1
DA:4,1
DA:5,6
DA:6,6
DA:7,6
DA:8,5
DA:9,5
DA:10,5
DA:11,5
DA:12,5
DA:13,5
DA:14,1
DA:15,1
DA:16,1
DA:17,0
DA:18,0
DA:19,0
DA:20,1
DA:21,1
DA:22,1
LF:22
LH:19
BRDA:4,0,0,12
BRDA:4,1,0,6
BRDA:7,2,0,1
BRDA:8,3,0,5
BRF:4
BRH:4
end_of_record
TN:
SF:src\mocks\presentation\controllers\user\loginControllerMock.ts
FN:4,mockRoute
FNF:1
FNH:1
FNDA:8,mockRoute
DA:1,1
DA:2,1
DA:3,1
DA:4,1
DA:5,4
DA:6,4
DA:7,4
DA:8,4
DA:9,3
DA:10,3
DA:11,3
DA:12,3
DA:13,3
DA:14,1
DA:15,1
DA:16,0
DA:17,0
DA:18,0
DA:19,0
DA:20,1
DA:21,1
LF:21
LH:17
BRDA:4,0,0,8
BRDA:4,1,0,4
BRDA:7,2,0,0
BRDA:8,3,0,1
BRDA:9,4,0,3
BRF:5
BRH:4
end_of_record
TN:
SF:src\utils\errors\index.ts
FN:6,InvalidParamError
FN:6,MissingParamError
FN:6,ServerError
FN:6,UnauthorizedError
FNF:4
FNH:4
FNDA:26,InvalidParamError
FNDA:39,MissingParamError
FNDA:5,ServerError
FNDA:4,UnauthorizedError
DA:1,1
DA:2,1
DA:3,1
DA:4,1
DA:5,1
DA:6,1
LF:6
LH:6
BRDA:6,0,0,26
BRDA:6,1,0,39
BRDA:6,2,0,5
BRDA:6,3,0,4
BRF:4
BRH:4
end_of_record
TN:
SF:src\utils\errors\invalidParamError.ts
FN:2,get
FN:6,InvalidParamError
FNF:2
FNH:2
FNDA:26,get
FNDA:9,InvalidParamError
DA:1,1
DA:2,1
DA:3,1
DA:4,1
DA:5,1
DA:6,1
DA:7,9
DA:8,9
DA:9,9
DA:10,9
DA:11,1
LF:11
LH:11
BRDA:2,0,0,26
BRDA:6,1,0,9
BRF:2
BRH:2
end_of_record
TN:
SF:src\utils\errors\missingParamError.ts
FN:2,get
FN:6,MissingParamError
FNF:2
FNH:2
FNDA:39,get
FNDA:19,MissingParamError
DA:1,1
DA:2,1
DA:3,1
DA:4,1
DA:5,1
DA:6,1
DA:7,19
DA:8,19
DA:9,19
DA:10,19
DA:11,1
LF:11
LH:11
BRDA:2,0,0,39
BRDA:6,1,0,19
BRF:2
BRH:2
end_of_record
TN:
SF:src\utils\errors\serverError.ts
FN:2,get
FN:6,ServerError
FNF:2
FNH:2
FNDA:5,get
FNDA:5,ServerError
DA:1,1
DA:2,1
DA:3,1
DA:4,1
DA:5,1
DA:6,1
DA:7,5
DA:8,5
DA:9,5
DA:10,1
LF:10
LH:10
BRDA:2,0,0,5
BRDA:6,1,0,5
BRF:2
BRH:2
end_of_record
TN:
SF:src\utils\errors\unauthorizedError.ts
FN:2,get
FN:6,UnauthorizedError
FNF:2
FNH:2
FNDA:4,get
FNDA:2,UnauthorizedError
DA:1,1
DA:2,1
DA:3,1
DA:4,1
DA:5,1
DA:6,1
DA:7,2
DA:8,2
DA:9,2
DA:10,2
DA:11,1
LF:11
LH:11
BRDA:2,0,0,4
BRDA:6,1,0,2
BRF:2
BRH:2
end_of_record
TN:
SF:src\utils\helpers\hashPassword\hashPassword.ts
FN:3,get
FN:4,hash
FN:11,compare
FNF:3
FNH:3
FNDA:3,get
FNDA:1,hash
FNDA:2,compare
DA:1,1
DA:2,1
DA:3,1
DA:4,1
DA:5,1
DA:6,1
DA:7,1
DA:8,1
DA:9,1
DA:10,1
DA:11,1
DA:12,2
DA:13,2
DA:14,2
DA:15,1
LF:15
LH:15
BRDA:3,0,0,3
BRDA:4,1,0,1
BRDA:11,2,0,2
BRF:3
BRH:3
end_of_record
TN:
SF:src\validators\emailValidator\emailValidator.ts
FN:14,get
FN:4,emailValidator
FNF:2
FNH:2
FNDA:5,get
FNDA:9,emailValidator
DA:1,1
DA:2,1
DA:3,1
DA:4,1
DA:5,9
DA:6,2
DA:7,2
DA:8,2
DA:9,2
DA:10,2
DA:11,7
DA:12,7
DA:13,1
DA:14,1
LF:14
LH:14
BRDA:14,0,0,5
BRDA:4,1,0,9
BRDA:5,2,0,8
BRDA:5,3,0,2
BRDA:11,4,0,7
BRF:5
BRH:5
end_of_record
TN:
SF:src\validators\passwordValidator\passwordValidator.ts
FN:3,get
FN:3,passwordValidator
FNF:2
FNH:2
FNDA:6,get
FNDA:8,passwordValidator
DA:1,1
DA:2,1
DA:3,1
DA:4,8
DA:5,3
DA:6,3
DA:7,3
DA:8,3
DA:9,3
DA:10,5
DA:11,5
DA:12,5
LF:12
LH:12
BRDA:3,0,0,6
BRDA:3,1,0,8
BRDA:4,2,0,6
BRDA:4,3,0,7
BRDA:4,4,0,3
BRDA:10,5,0,5
BRF:6
BRH:6
end_of_record
