TN:
SF:src\domain\entities\index.ts
FN:10,get
FNF:1
FNH:1
FNDA:4,get
DA:1,1
DA:2,1
DA:3,1
DA:4,1
DA:5,1
DA:6,1
DA:7,1
DA:8,1
DA:9,1
DA:10,1
DA:11,1
LF:11
LH:11
BRDA:10,0,0,4
BRF:1
BRH:1
end_of_record
TN:
SF:src\domain\entities\userEntity\UserEntity.ts
FN:3,get
FN:18,create
FN:70,getId
FN:71,getName
FN:72,getEmail
FN:73,getPassword
FN:10,User
FNF:7
FNH:6
FNDA:1,get
FNDA:4,create
FNDA:0,getId
FNDA:1,getName
FNDA:1,getEmail
FNDA:1,getPassword
FNDA:1,User
DA:1,1
DA:2,1
DA:3,1
DA:4,1
DA:5,1
DA:6,1
DA:7,1
DA:8,1
DA:9,1
DA:10,1
DA:11,1
DA:12,1
DA:13,1
DA:14,1
DA:15,1
DA:16,1
DA:17,1
DA:18,1
DA:19,4
DA:20,1
DA:21,1
DA:22,1
DA:23,1
DA:24,1
DA:25,1
DA:26,1
DA:27,1
DA:28,3
DA:29,4
DA:30,0
DA:31,0
DA:32,0
DA:33,0
DA:34,0
DA:35,0
DA:36,0
DA:37,0
DA:38,3
DA:39,4
DA:40,1
DA:41,1
DA:42,1
DA:43,1
DA:44,1
DA:45,1
DA:46,1
DA:47,1
DA:48,2
DA:49,4
DA:50,0
DA:51,0
DA:52,0
DA:53,0
DA:54,0
DA:55,0
DA:56,0
DA:57,0
DA:58,2
DA:59,4
DA:60,1
DA:61,1
DA:62,1
DA:63,1
DA:64,1
DA:65,1
DA:66,1
DA:67,1
DA:68,1
DA:69,1
DA:70,1
DA:71,1
DA:72,1
DA:73,1
DA:74,1
DA:75,1
DA:76,1
LF:76
LH:60
BRDA:3,0,0,1
BRDA:18,1,0,4
BRDA:19,2,0,3
BRDA:19,3,0,1
BRDA:28,4,0,3
BRDA:29,5,0,0
BRDA:38,6,0,3
BRDA:39,7,0,1
BRDA:48,8,0,2
BRDA:49,9,0,0
BRDA:58,10,0,2
BRDA:59,11,0,1
BRDA:71,12,0,1
BRDA:72,13,0,1
BRDA:73,14,0,1
BRDA:10,15,0,1
BRF:16
BRH:14
end_of_record
TN:
SF:src\mocks\infra\user\fakeDb.ts
FN:3,get
FN:10,get getUsers
FN:14,setUsers
FN:18,findByEmail
FN:23,clean
FN:6,Users
FNF:6
FNH:5
FNDA:1,get
FNDA:0,get getUsers
FNDA:2,setUsers
FNDA:2,findByEmail
FNDA:7,clean
FNDA:1,Users
DA:1,1
DA:2,1
DA:3,1
DA:4,1
DA:5,1
DA:6,1
DA:7,1
DA:8,1
DA:9,1
DA:10,1
DA:11,0
DA:12,0
DA:13,1
DA:14,1
DA:15,2
DA:16,2
DA:17,1
DA:18,1
DA:19,2
DA:20,2
DA:21,2
DA:22,1
DA:23,1
DA:24,7
DA:25,7
DA:26,1
LF:26
LH:24
BRDA:3,0,0,1
BRDA:14,1,0,2
BRDA:18,2,0,2
BRDA:19,3,0,1
BRDA:23,4,0,7
BRDA:6,5,0,1
BRF:6
BRH:6
end_of_record
TN:
SF:src\mocks\infra\user\userDbMock.ts
FN:4,createdUsers
FN:6,mockCreate
FN:24,mockFindByEmail
FNF:3
FNH:3
FNDA:7,createdUsers
FNDA:15,mockCreate
FNDA:3,mockFindByEmail
DA:1,1
DA:2,1
DA:3,1
DA:4,1
DA:5,1
DA:6,1
DA:7,6
DA:8,6
DA:9,6
DA:10,6
DA:11,2
DA:12,2
DA:13,2
DA:14,2
DA:15,2
DA:16,2
DA:17,2
DA:18,2
DA:19,2
DA:20,2
DA:21,2
DA:22,1
DA:23,1
DA:24,1
DA:25,2
DA:26,2
DA:27,2
DA:28,2
DA:29,2
DA:30,2
DA:31,2
DA:32,2
DA:33,2
DA:34,2
DA:35,2
DA:36,1
DA:37,1
DA:38,0
DA:39,0
DA:40,0
DA:41,0
DA:42,1
DA:43,1
DA:44,1
LF:44
LH:40
BRDA:4,0,0,7
BRDA:6,1,0,15
BRDA:24,2,0,3
BRDA:6,3,0,6
BRDA:7,4,0,1
BRDA:8,5,0,5
BRDA:8,6,0,1
BRDA:9,7,0,4
BRDA:9,8,0,1
BRDA:10,9,0,3
BRDA:10,10,0,1
BRDA:11,11,0,2
BRDA:24,12,0,2
BRDA:25,13,0,0
BRDA:30,14,0,1
BRDA:30,15,0,1
BRDA:31,16,0,1
BRDA:31,17,0,1
BRDA:32,18,0,1
BRDA:32,19,0,1
BRDA:33,20,0,1
BRDA:33,21,0,1
BRF:22
BRH:21
end_of_record
TN:
SF:src\utils\errors\index.ts
FN:6,InvalidParamError
FN:6,MissingParamError
FN:6,ServerError
FN:6,UnauthorizedError
FNF:4
FNH:2
FNDA:1,InvalidParamError
FNDA:1,MissingParamError
FNDA:0,ServerError
FNDA:0,UnauthorizedError
DA:1,1
DA:2,1
DA:3,1
DA:4,1
DA:5,1
DA:6,1
LF:6
LH:6
BRDA:6,0,0,1
BRDA:6,1,0,1
BRF:2
BRH:2
end_of_record
TN:
SF:src\utils\errors\invalidParamError.ts
FN:3,get
FN:7,InvalidParamError
FNF:2
FNH:2
FNDA:1,get
FNDA:3,InvalidParamError
DA:1,1
DA:2,1
DA:3,1
DA:4,1
DA:5,1
DA:6,1
DA:7,1
DA:8,3
DA:9,3
DA:10,3
DA:11,3
DA:12,1
LF:12
LH:12
BRDA:3,0,0,1
BRDA:7,1,0,3
BRDA:8,2,0,0
BRDA:9,3,0,0
BRF:4
BRH:2
end_of_record
TN:
SF:src\utils\errors\missingParamError.ts
FN:3,get
FN:7,MissingParamError
FNF:2
FNH:1
FNDA:1,get
FNDA:0,MissingParamError
DA:1,1
DA:2,1
DA:3,1
DA:4,1
DA:5,1
DA:6,1
DA:7,1
DA:8,0
DA:9,0
DA:10,0
DA:11,0
DA:12,1
LF:12
LH:8
BRDA:3,0,0,1
BRF:1
BRH:1
end_of_record
TN:
SF:src\utils\errors\serverError.ts
FN:3,get
FN:7,ServerError
FNF:2
FNH:0
FNDA:0,get
FNDA:0,ServerError
DA:1,1
DA:2,1
DA:3,1
DA:4,1
DA:5,1
DA:6,1
DA:7,1
DA:8,0
DA:9,0
DA:10,0
DA:11,0
DA:12,1
LF:12
LH:8
BRF:0
BRH:0
end_of_record
TN:
SF:src\utils\errors\unauthorizedError.ts
FN:3,get
FN:7,UnauthorizedError
FNF:2
FNH:0
FNDA:0,get
FNDA:0,UnauthorizedError
DA:1,1
DA:2,1
DA:3,1
DA:4,1
DA:5,1
DA:6,1
DA:7,1
DA:8,0
DA:9,0
DA:10,0
DA:11,0
DA:12,1
LF:12
LH:8
BRF:0
BRH:0
end_of_record
TN:
SF:src\utils\helpers\hashPassword\hashPassword.ts
FN:3,get
FN:4,hash
FN:11,compare
FNF:3
FNH:3
FNDA:3,get
FNDA:1,hash
FNDA:2,compare
DA:1,1
DA:2,1
DA:3,1
DA:4,1
DA:5,1
DA:6,1
DA:7,1
DA:8,1
DA:9,1
DA:10,1
DA:11,1
DA:12,2
DA:13,2
DA:14,2
DA:15,1
LF:15
LH:15
BRDA:3,0,0,3
BRDA:4,1,0,1
BRDA:11,2,0,2
BRF:3
BRH:3
end_of_record
TN:
SF:src\validators\emailValidator\emailValidator.ts
FN:13,get
FN:3,emailValidator
FNF:2
FNH:2
FNDA:3,get
FNDA:5,emailValidator
DA:1,1
DA:2,1
DA:3,1
DA:4,5
DA:5,2
DA:6,2
DA:7,2
DA:8,2
DA:9,2
DA:10,3
DA:11,3
DA:12,1
DA:13,1
LF:13
LH:13
BRDA:13,0,0,3
BRDA:3,1,0,5
BRDA:4,2,0,4
BRDA:4,3,0,2
BRDA:10,4,0,3
BRF:5
BRH:5
end_of_record
TN:
SF:src\validators\passwordValidator\passwordValidator.ts
FN:1,get
FN:1,passwordValidator
FNF:2
FNH:2
FNDA:4,get
FNDA:5,passwordValidator
DA:1,1
DA:2,5
DA:3,3
DA:4,3
DA:5,3
DA:6,3
DA:7,3
DA:8,2
DA:9,2
DA:10,2
LF:10
LH:10
BRDA:1,0,0,4
BRDA:1,1,0,5
BRDA:2,2,0,3
BRDA:2,3,0,4
BRDA:2,4,0,3
BRDA:8,5,0,2
BRF:6
BRH:6
end_of_record
